<?xml version="1.0" encoding="UTF-8"?>
<testsuite xmlns:xsi="http://www.w3.org/2001/XMLSchema-instance" xsi:noNamespaceSchemaLocation="https://maven.apache.org/surefire/maven-surefire-plugin/xsd/surefire-test-report-3.0.xsd" version="3.0" name="TestSuite" time="20.858" tests="5" errors="0" skipped="0" failures="0">
  <properties>
    <property name="sun.desktop" value="windows"/>
    <property name="awt.toolkit" value="sun.awt.windows.WToolkit"/>
    <property name="java.specification.version" value="11"/>
    <property name="webdriver.chrome.driver" value="C:\Users\anuai\.cache\selenium\chromedriver\win32\107.0.5304.62\chromedriver.exe"/>
    <property name="sun.cpu.isalist" value="amd64"/>
    <property name="sun.jnu.encoding" value="Cp1252"/>
    <property name="java.class.path" value="D:\My Project\firsttest\FrameworkProj\target\test-classes;D:\My Project\firsttest\FrameworkProj\target\classes;C:\Users\anuai\.m2\repository\junit\junit\3.8.1\junit-3.8.1.jar;C:\Users\anuai\.m2\repository\org\concordion\cubano-webdriver-manager\1.1.3\cubano-webdriver-manager-1.1.3.jar;C:\Users\anuai\.m2\repository\org\slf4j\slf4j-api\1.7.31\slf4j-api-1.7.31.jar;C:\Users\anuai\.m2\repository\ch\qos\logback\logback-classic\1.2.3\logback-classic-1.2.3.jar;C:\Users\anuai\.m2\repository\ch\qos\logback\logback-core\1.2.3\logback-core-1.2.3.jar;C:\Users\anuai\.m2\repository\org\concordion\cubano-webdriver\1.1.3\cubano-webdriver-1.1.3.jar;C:\Users\anuai\.m2\repository\org\concordion\cubano-config\1.1.3\cubano-config-1.1.3.jar;C:\Users\anuai\.m2\repository\ru\yandex\qatools\htmlelements\htmlelements-java\1.20.0\htmlelements-java-1.20.0.jar;C:\Users\anuai\.m2\repository\org\jsoup\jsoup\1.13.1\jsoup-1.13.1.jar;C:\Users\anuai\.m2\repository\org\concordion\concordion\3.1.3\concordion-3.1.3.jar;C:\Users\anuai\.m2\repository\com\vladsch\flexmark\flexmark\0.62.2\flexmark-0.62.2.jar;C:\Users\anuai\.m2\repository\com\vladsch\flexmark\flexmark-util-ast\0.62.2\flexmark-util-ast-0.62.2.jar;C:\Users\anuai\.m2\repository\org\jetbrains\annotations\15.0\annotations-15.0.jar;C:\Users\anuai\.m2\repository\com\vladsch\flexmark\flexmark-util-builder\0.62.2\flexmark-util-builder-0.62.2.jar;C:\Users\anuai\.m2\repository\com\vladsch\flexmark\flexmark-util-collection\0.62.2\flexmark-util-collection-0.62.2.jar;C:\Users\anuai\.m2\repository\com\vladsch\flexmark\flexmark-util-data\0.62.2\flexmark-util-data-0.62.2.jar;C:\Users\anuai\.m2\repository\com\vladsch\flexmark\flexmark-util-dependency\0.62.2\flexmark-util-dependency-0.62.2.jar;C:\Users\anuai\.m2\repository\com\vladsch\flexmark\flexmark-util-format\0.62.2\flexmark-util-format-0.62.2.jar;C:\Users\anuai\.m2\repository\com\vladsch\flexmark\flexmark-util-html\0.62.2\flexmark-util-html-0.62.2.jar;C:\Users\anuai\.m2\repository\com\vladsch\flexmark\flexmark-util-misc\0.62.2\flexmark-util-misc-0.62.2.jar;C:\Users\anuai\.m2\repository\com\vladsch\flexmark\flexmark-util-sequence\0.62.2\flexmark-util-sequence-0.62.2.jar;C:\Users\anuai\.m2\repository\com\vladsch\flexmark\flexmark-util-visitor\0.62.2\flexmark-util-visitor-0.62.2.jar;C:\Users\anuai\.m2\repository\com\vladsch\flexmark\flexmark-ext-gfm-strikethrough\0.62.2\flexmark-ext-gfm-strikethrough-0.62.2.jar;C:\Users\anuai\.m2\repository\com\vladsch\flexmark\flexmark-util\0.62.2\flexmark-util-0.62.2.jar;C:\Users\anuai\.m2\repository\com\vladsch\flexmark\flexmark-util-options\0.62.2\flexmark-util-options-0.62.2.jar;C:\Users\anuai\.m2\repository\com\vladsch\flexmark\flexmark-ext-tables\0.62.2\flexmark-ext-tables-0.62.2.jar;C:\Users\anuai\.m2\repository\xom\xom\1.3.7\xom-1.3.7.jar;C:\Users\anuai\.m2\repository\ognl\ognl\3.1.29\ognl-3.1.29.jar;C:\Users\anuai\.m2\repository\org\javassist\javassist\3.20.0-GA\javassist-3.20.0-GA.jar;C:\Users\anuai\.m2\repository\com\vladsch\flexmark\flexmark-profile-pegdown\0.62.2\flexmark-profile-pegdown-0.62.2.jar;C:\Users\anuai\.m2\repository\com\vladsch\flexmark\flexmark-ext-abbreviation\0.62.2\flexmark-ext-abbreviation-0.62.2.jar;C:\Users\anuai\.m2\repository\com\vladsch\flexmark\flexmark-ext-anchorlink\0.62.2\flexmark-ext-anchorlink-0.62.2.jar;C:\Users\anuai\.m2\repository\com\vladsch\flexmark\flexmark-ext-aside\0.62.2\flexmark-ext-aside-0.62.2.jar;C:\Users\anuai\.m2\repository\com\vladsch\flexmark\flexmark-jira-converter\0.62.2\flexmark-jira-converter-0.62.2.jar;C:\Users\anuai\.m2\repository\com\vladsch\flexmark\flexmark-ext-autolink\0.62.2\flexmark-ext-autolink-0.62.2.jar;C:\Users\anuai\.m2\repository\org\nibor\autolink\autolink\0.6.0\autolink-0.6.0.jar;C:\Users\anuai\.m2\repository\com\vladsch\flexmark\flexmark-ext-definition\0.62.2\flexmark-ext-definition-0.62.2.jar;C:\Users\anuai\.m2\repository\com\vladsch\flexmark\flexmark-ext-emoji\0.62.2\flexmark-ext-emoji-0.62.2.jar;C:\Users\anuai\.m2\repository\com\vladsch\flexmark\flexmark-ext-escaped-character\0.62.2\flexmark-ext-escaped-character-0.62.2.jar;C:\Users\anuai\.m2\repository\com\vladsch\flexmark\flexmark-ext-footnotes\0.62.2\flexmark-ext-footnotes-0.62.2.jar;C:\Users\anuai\.m2\repository\com\vladsch\flexmark\flexmark-ext-gfm-tasklist\0.62.2\flexmark-ext-gfm-tasklist-0.62.2.jar;C:\Users\anuai\.m2\repository\com\vladsch\flexmark\flexmark-ext-ins\0.62.2\flexmark-ext-ins-0.62.2.jar;C:\Users\anuai\.m2\repository\com\vladsch\flexmark\flexmark-ext-jekyll-front-matter\0.62.2\flexmark-ext-jekyll-front-matter-0.62.2.jar;C:\Users\anuai\.m2\repository\com\vladsch\flexmark\flexmark-ext-yaml-front-matter\0.62.2\flexmark-ext-yaml-front-matter-0.62.2.jar;C:\Users\anuai\.m2\repository\com\vladsch\flexmark\flexmark-ext-superscript\0.62.2\flexmark-ext-superscript-0.62.2.jar;C:\Users\anuai\.m2\repository\com\vladsch\flexmark\flexmark-ext-toc\0.62.2\flexmark-ext-toc-0.62.2.jar;C:\Users\anuai\.m2\repository\com\vladsch\flexmark\flexmark-ext-typographic\0.62.2\flexmark-ext-typographic-0.62.2.jar;C:\Users\anuai\.m2\repository\com\vladsch\flexmark\flexmark-ext-wikilink\0.62.2\flexmark-ext-wikilink-0.62.2.jar;C:\Users\anuai\.m2\repository\org\concordion\concordion-logback-extension\2.1.2\concordion-logback-extension-2.1.2.jar;C:\Users\anuai\.m2\repository\org\concordion\concordion-logging-tooltip-extension\1.1.2\concordion-logging-tooltip-extension-1.1.2.jar;C:\Users\anuai\.m2\repository\commons-lang\commons-lang\2.6\commons-lang-2.6.jar;C:\Users\anuai\.m2\repository\org\slf4j\slf4j-ext\1.7.31\slf4j-ext-1.7.31.jar;C:\Users\anuai\.m2\repository\org\concordion\concordion-storyboard-extension\2.0.2\concordion-storyboard-extension-2.0.2.jar;C:\Users\anuai\.m2\repository\org\concordion\concordion-logback-extension\2.1.2\concordion-logback-extension-2.1.2-reportlogger.jar;C:\Users\anuai\.m2\repository\io\github\bonigarcia\webdrivermanager\4.4.3\webdrivermanager-4.4.3.jar;C:\Users\anuai\.m2\repository\org\apache\commons\commons-lang3\3.12.0\commons-lang3-3.12.0.jar;C:\Users\anuai\.m2\repository\org\apache\httpcomponents\client5\httpclient5\5.0.3\httpclient5-5.0.3.jar;C:\Users\anuai\.m2\repository\org\apache\httpcomponents\core5\httpcore5\5.0.2\httpcore5-5.0.2.jar;C:\Users\anuai\.m2\repository\org\apache\httpcomponents\core5\httpcore5-h2\5.0.2\httpcore5-h2-5.0.2.jar;C:\Users\anuai\.m2\repository\commons-codec\commons-codec\1.13\commons-codec-1.13.jar;C:\Users\anuai\.m2\repository\org\rauschig\jarchivelib\1.1.0\jarchivelib-1.1.0.jar;C:\Users\anuai\.m2\repository\org\apache\commons\commons-compress\1.20\commons-compress-1.20.jar;C:\Users\anuai\.m2\repository\org\seleniumhq\selenium\selenium-java\4.6.0\selenium-java-4.6.0.jar;C:\Users\anuai\.m2\repository\org\seleniumhq\selenium\selenium-api\4.6.0\selenium-api-4.6.0.jar;C:\Users\anuai\.m2\repository\org\seleniumhq\selenium\selenium-chrome-driver\4.6.0\selenium-chrome-driver-4.6.0.jar;C:\Users\anuai\.m2\repository\com\google\auto\service\auto-service-annotations\1.0.1\auto-service-annotations-1.0.1.jar;C:\Users\anuai\.m2\repository\com\google\auto\service\auto-service\1.0.1\auto-service-1.0.1.jar;C:\Users\anuai\.m2\repository\com\google\auto\auto-common\1.2\auto-common-1.2.jar;C:\Users\anuai\.m2\repository\com\google\guava\guava\31.1-jre\guava-31.1-jre.jar;C:\Users\anuai\.m2\repository\com\google\guava\failureaccess\1.0.1\failureaccess-1.0.1.jar;C:\Users\anuai\.m2\repository\com\google\guava\listenablefuture\9999.0-empty-to-avoid-conflict-with-guava\listenablefuture-9999.0-empty-to-avoid-conflict-with-guava.jar;C:\Users\anuai\.m2\repository\org\checkerframework\checker-qual\3.12.0\checker-qual-3.12.0.jar;C:\Users\anuai\.m2\repository\com\google\errorprone\error_prone_annotations\2.11.0\error_prone_annotations-2.11.0.jar;C:\Users\anuai\.m2\repository\com\google\j2objc\j2objc-annotations\1.3\j2objc-annotations-1.3.jar;C:\Users\anuai\.m2\repository\org\seleniumhq\selenium\selenium-chromium-driver\4.6.0\selenium-chromium-driver-4.6.0.jar;C:\Users\anuai\.m2\repository\org\seleniumhq\selenium\selenium-json\4.6.0\selenium-json-4.6.0.jar;C:\Users\anuai\.m2\repository\org\seleniumhq\selenium\selenium-devtools-v105\4.6.0\selenium-devtools-v105-4.6.0.jar;C:\Users\anuai\.m2\repository\org\seleniumhq\selenium\selenium-devtools-v106\4.6.0\selenium-devtools-v106-4.6.0.jar;C:\Users\anuai\.m2\repository\org\seleniumhq\selenium\selenium-devtools-v107\4.6.0\selenium-devtools-v107-4.6.0.jar;C:\Users\anuai\.m2\repository\org\seleniumhq\selenium\selenium-devtools-v85\4.6.0\selenium-devtools-v85-4.6.0.jar;C:\Users\anuai\.m2\repository\org\seleniumhq\selenium\selenium-edge-driver\4.6.0\selenium-edge-driver-4.6.0.jar;C:\Users\anuai\.m2\repository\org\seleniumhq\selenium\selenium-firefox-driver\4.6.0\selenium-firefox-driver-4.6.0.jar;C:\Users\anuai\.m2\repository\org\seleniumhq\selenium\selenium-ie-driver\4.6.0\selenium-ie-driver-4.6.0.jar;C:\Users\anuai\.m2\repository\org\seleniumhq\selenium\selenium-remote-driver\4.6.0\selenium-remote-driver-4.6.0.jar;C:\Users\anuai\.m2\repository\io\netty\netty-buffer\4.1.84.Final\netty-buffer-4.1.84.Final.jar;C:\Users\anuai\.m2\repository\io\netty\netty-codec-http\4.1.84.Final\netty-codec-http-4.1.84.Final.jar;C:\Users\anuai\.m2\repository\io\netty\netty-codec\4.1.84.Final\netty-codec-4.1.84.Final.jar;C:\Users\anuai\.m2\repository\io\netty\netty-handler\4.1.84.Final\netty-handler-4.1.84.Final.jar;C:\Users\anuai\.m2\repository\io\netty\netty-common\4.1.84.Final\netty-common-4.1.84.Final.jar;C:\Users\anuai\.m2\repository\io\netty\netty-transport-classes-epoll\4.1.84.Final\netty-transport-classes-epoll-4.1.84.Final.jar;C:\Users\anuai\.m2\repository\io\netty\netty-transport-classes-kqueue\4.1.84.Final\netty-transport-classes-kqueue-4.1.84.Final.jar;C:\Users\anuai\.m2\repository\io\netty\netty-transport-native-epoll\4.1.84.Final\netty-transport-native-epoll-4.1.84.Final.jar;C:\Users\anuai\.m2\repository\io\netty\netty-transport-native-kqueue\4.1.84.Final\netty-transport-native-kqueue-4.1.84.Final.jar;C:\Users\anuai\.m2\repository\io\netty\netty-transport-native-unix-common\4.1.84.Final\netty-transport-native-unix-common-4.1.84.Final.jar;C:\Users\anuai\.m2\repository\io\netty\netty-transport\4.1.84.Final\netty-transport-4.1.84.Final.jar;C:\Users\anuai\.m2\repository\io\netty\netty-resolver\4.1.84.Final\netty-resolver-4.1.84.Final.jar;C:\Users\anuai\.m2\repository\io\opentelemetry\opentelemetry-api\1.19.0\opentelemetry-api-1.19.0.jar;C:\Users\anuai\.m2\repository\io\opentelemetry\opentelemetry-context\1.19.0\opentelemetry-context-1.19.0.jar;C:\Users\anuai\.m2\repository\io\opentelemetry\opentelemetry-exporter-logging\1.19.0\opentelemetry-exporter-logging-1.19.0.jar;C:\Users\anuai\.m2\repository\io\opentelemetry\opentelemetry-sdk-metrics\1.19.0\opentelemetry-sdk-metrics-1.19.0.jar;C:\Users\anuai\.m2\repository\io\opentelemetry\opentelemetry-sdk-logs\1.19.0-alpha\opentelemetry-sdk-logs-1.19.0-alpha.jar;C:\Users\anuai\.m2\repository\io\opentelemetry\opentelemetry-api-logs\1.19.0-alpha\opentelemetry-api-logs-1.19.0-alpha.jar;C:\Users\anuai\.m2\repository\io\opentelemetry\opentelemetry-sdk-common\1.19.0\opentelemetry-sdk-common-1.19.0.jar;C:\Users\anuai\.m2\repository\io\opentelemetry\opentelemetry-sdk-extension-autoconfigure-spi\1.19.0\opentelemetry-sdk-extension-autoconfigure-spi-1.19.0.jar;C:\Users\anuai\.m2\repository\io\opentelemetry\opentelemetry-sdk-extension-autoconfigure\1.19.0-alpha\opentelemetry-sdk-extension-autoconfigure-1.19.0-alpha.jar;C:\Users\anuai\.m2\repository\io\opentelemetry\opentelemetry-exporter-common\1.19.0\opentelemetry-exporter-common-1.19.0.jar;C:\Users\anuai\.m2\repository\io\opentelemetry\opentelemetry-sdk-trace\1.19.0\opentelemetry-sdk-trace-1.19.0.jar;C:\Users\anuai\.m2\repository\io\opentelemetry\opentelemetry-sdk\1.19.0\opentelemetry-sdk-1.19.0.jar;C:\Users\anuai\.m2\repository\io\opentelemetry\opentelemetry-semconv\1.19.0-alpha\opentelemetry-semconv-1.19.0-alpha.jar;C:\Users\anuai\.m2\repository\io\ous\jtoml\2.0.0\jtoml-2.0.0.jar;C:\Users\anuai\.m2\repository\net\bytebuddy\byte-buddy\1.12.18\byte-buddy-1.12.18.jar;C:\Users\anuai\.m2\repository\org\apache\commons\commons-exec\1.3\commons-exec-1.3.jar;C:\Users\anuai\.m2\repository\org\asynchttpclient\async-http-client\2.12.3\async-http-client-2.12.3.jar;C:\Users\anuai\.m2\repository\org\asynchttpclient\async-http-client-netty-utils\2.12.3\async-http-client-netty-utils-2.12.3.jar;C:\Users\anuai\.m2\repository\io\netty\netty-codec-socks\4.1.60.Final\netty-codec-socks-4.1.60.Final.jar;C:\Users\anuai\.m2\repository\io\netty\netty-handler-proxy\4.1.60.Final\netty-handler-proxy-4.1.60.Final.jar;C:\Users\anuai\.m2\repository\io\netty\netty-transport-native-epoll\4.1.60.Final\netty-transport-native-epoll-4.1.60.Final-linux-x86_64.jar;C:\Users\anuai\.m2\repository\io\netty\netty-transport-native-kqueue\4.1.60.Final\netty-transport-native-kqueue-4.1.60.Final-osx-x86_64.jar;C:\Users\anuai\.m2\repository\com\typesafe\netty\netty-reactive-streams\2.0.4\netty-reactive-streams-2.0.4.jar;C:\Users\anuai\.m2\repository\com\sun\activation\jakarta.activation\1.2.2\jakarta.activation-1.2.2.jar;C:\Users\anuai\.m2\repository\org\seleniumhq\selenium\selenium-http\4.6.0\selenium-http-4.6.0.jar;C:\Users\anuai\.m2\repository\dev\failsafe\failsafe\3.3.0\failsafe-3.3.0.jar;C:\Users\anuai\.m2\repository\org\seleniumhq\selenium\selenium-manager\4.6.0\selenium-manager-4.6.0.jar;C:\Users\anuai\.m2\repository\org\seleniumhq\selenium\selenium-safari-driver\4.6.0\selenium-safari-driver-4.6.0.jar;C:\Users\anuai\.m2\repository\org\seleniumhq\selenium\selenium-support\4.6.0\selenium-support-4.6.0.jar;C:\Users\anuai\.m2\repository\org\testng\testng\7.6.1\testng-7.6.1.jar;C:\Users\anuai\.m2\repository\com\google\code\findbugs\jsr305\3.0.2\jsr305-3.0.2.jar;C:\Users\anuai\.m2\repository\com\beust\jcommander\1.82\jcommander-1.82.jar;C:\Users\anuai\.m2\repository\org\webjars\jquery\3.6.0\jquery-3.6.0.jar;C:\Users\anuai\.m2\repository\org\apache\logging\log4j\log4j-core\2.19.0\log4j-core-2.19.0.jar;C:\Users\anuai\.m2\repository\org\apache\logging\log4j\log4j-api\2.19.0\log4j-api-2.19.0.jar;C:\Users\anuai\.m2\repository\commons-io\commons-io\2.11.0\commons-io-2.11.0.jar;C:\Users\anuai\.m2\repository\com\aventstack\extentreports\5.0.9\extentreports-5.0.9.jar;C:\Users\anuai\.m2\repository\io\reactivex\rxjava3\rxjava\3.0.4\rxjava-3.0.4.jar;C:\Users\anuai\.m2\repository\org\reactivestreams\reactive-streams\1.0.3\reactive-streams-1.0.3.jar;C:\Users\anuai\.m2\repository\org\freemarker\freemarker\2.3.30\freemarker-2.3.30.jar;C:\Users\anuai\.m2\repository\org\projectlombok\lombok\1.18.12\lombok-1.18.12.jar;C:\Users\anuai\.m2\repository\com\google\code\gson\gson\2.8.6\gson-2.8.6.jar;"/>
    <property name="java.vm.vendor" value="Oracle Corporation"/>
    <property name="sun.arch.data.model" value="64"/>
    <property name="user.variant" value=""/>
    <property name="java.vendor.url" value="https://openjdk.java.net/"/>
    <property name="user.timezone" value="America/New_York"/>
    <property name="java.vm.specification.version" value="11"/>
    <property name="os.name" value="Windows 11"/>
    <property name="sun.java.launcher" value="SUN_STANDARD"/>
    <property name="user.country" value="US"/>
    <property name="sun.boot.library.path" value="C:\Program Files\Java\jdk-11.0.15\bin"/>
    <property name="sun.java.command" value="C:\Users\anuai\AppData\Local\Temp\surefire2638513107249299085\surefirebooter-20221108161618696_3.jar C:\Users\anuai\AppData\Local\Temp\surefire2638513107249299085 2022-11-08T16-16-17_467-jvmRun1 surefire-20221108161618696_1tmp surefire_0-20221108161618696_2tmp"/>
    <property name="jdk.debug" value="release"/>
    <property name="surefire.test.class.path" value="D:\My Project\firsttest\FrameworkProj\target\test-classes;D:\My Project\firsttest\FrameworkProj\target\classes;C:\Users\anuai\.m2\repository\junit\junit\3.8.1\junit-3.8.1.jar;C:\Users\anuai\.m2\repository\org\concordion\cubano-webdriver-manager\1.1.3\cubano-webdriver-manager-1.1.3.jar;C:\Users\anuai\.m2\repository\org\slf4j\slf4j-api\1.7.31\slf4j-api-1.7.31.jar;C:\Users\anuai\.m2\repository\ch\qos\logback\logback-classic\1.2.3\logback-classic-1.2.3.jar;C:\Users\anuai\.m2\repository\ch\qos\logback\logback-core\1.2.3\logback-core-1.2.3.jar;C:\Users\anuai\.m2\repository\org\concordion\cubano-webdriver\1.1.3\cubano-webdriver-1.1.3.jar;C:\Users\anuai\.m2\repository\org\concordion\cubano-config\1.1.3\cubano-config-1.1.3.jar;C:\Users\anuai\.m2\repository\ru\yandex\qatools\htmlelements\htmlelements-java\1.20.0\htmlelements-java-1.20.0.jar;C:\Users\anuai\.m2\repository\org\jsoup\jsoup\1.13.1\jsoup-1.13.1.jar;C:\Users\anuai\.m2\repository\org\concordion\concordion\3.1.3\concordion-3.1.3.jar;C:\Users\anuai\.m2\repository\com\vladsch\flexmark\flexmark\0.62.2\flexmark-0.62.2.jar;C:\Users\anuai\.m2\repository\com\vladsch\flexmark\flexmark-util-ast\0.62.2\flexmark-util-ast-0.62.2.jar;C:\Users\anuai\.m2\repository\org\jetbrains\annotations\15.0\annotations-15.0.jar;C:\Users\anuai\.m2\repository\com\vladsch\flexmark\flexmark-util-builder\0.62.2\flexmark-util-builder-0.62.2.jar;C:\Users\anuai\.m2\repository\com\vladsch\flexmark\flexmark-util-collection\0.62.2\flexmark-util-collection-0.62.2.jar;C:\Users\anuai\.m2\repository\com\vladsch\flexmark\flexmark-util-data\0.62.2\flexmark-util-data-0.62.2.jar;C:\Users\anuai\.m2\repository\com\vladsch\flexmark\flexmark-util-dependency\0.62.2\flexmark-util-dependency-0.62.2.jar;C:\Users\anuai\.m2\repository\com\vladsch\flexmark\flexmark-util-format\0.62.2\flexmark-util-format-0.62.2.jar;C:\Users\anuai\.m2\repository\com\vladsch\flexmark\flexmark-util-html\0.62.2\flexmark-util-html-0.62.2.jar;C:\Users\anuai\.m2\repository\com\vladsch\flexmark\flexmark-util-misc\0.62.2\flexmark-util-misc-0.62.2.jar;C:\Users\anuai\.m2\repository\com\vladsch\flexmark\flexmark-util-sequence\0.62.2\flexmark-util-sequence-0.62.2.jar;C:\Users\anuai\.m2\repository\com\vladsch\flexmark\flexmark-util-visitor\0.62.2\flexmark-util-visitor-0.62.2.jar;C:\Users\anuai\.m2\repository\com\vladsch\flexmark\flexmark-ext-gfm-strikethrough\0.62.2\flexmark-ext-gfm-strikethrough-0.62.2.jar;C:\Users\anuai\.m2\repository\com\vladsch\flexmark\flexmark-util\0.62.2\flexmark-util-0.62.2.jar;C:\Users\anuai\.m2\repository\com\vladsch\flexmark\flexmark-util-options\0.62.2\flexmark-util-options-0.62.2.jar;C:\Users\anuai\.m2\repository\com\vladsch\flexmark\flexmark-ext-tables\0.62.2\flexmark-ext-tables-0.62.2.jar;C:\Users\anuai\.m2\repository\xom\xom\1.3.7\xom-1.3.7.jar;C:\Users\anuai\.m2\repository\ognl\ognl\3.1.29\ognl-3.1.29.jar;C:\Users\anuai\.m2\repository\org\javassist\javassist\3.20.0-GA\javassist-3.20.0-GA.jar;C:\Users\anuai\.m2\repository\com\vladsch\flexmark\flexmark-profile-pegdown\0.62.2\flexmark-profile-pegdown-0.62.2.jar;C:\Users\anuai\.m2\repository\com\vladsch\flexmark\flexmark-ext-abbreviation\0.62.2\flexmark-ext-abbreviation-0.62.2.jar;C:\Users\anuai\.m2\repository\com\vladsch\flexmark\flexmark-ext-anchorlink\0.62.2\flexmark-ext-anchorlink-0.62.2.jar;C:\Users\anuai\.m2\repository\com\vladsch\flexmark\flexmark-ext-aside\0.62.2\flexmark-ext-aside-0.62.2.jar;C:\Users\anuai\.m2\repository\com\vladsch\flexmark\flexmark-jira-converter\0.62.2\flexmark-jira-converter-0.62.2.jar;C:\Users\anuai\.m2\repository\com\vladsch\flexmark\flexmark-ext-autolink\0.62.2\flexmark-ext-autolink-0.62.2.jar;C:\Users\anuai\.m2\repository\org\nibor\autolink\autolink\0.6.0\autolink-0.6.0.jar;C:\Users\anuai\.m2\repository\com\vladsch\flexmark\flexmark-ext-definition\0.62.2\flexmark-ext-definition-0.62.2.jar;C:\Users\anuai\.m2\repository\com\vladsch\flexmark\flexmark-ext-emoji\0.62.2\flexmark-ext-emoji-0.62.2.jar;C:\Users\anuai\.m2\repository\com\vladsch\flexmark\flexmark-ext-escaped-character\0.62.2\flexmark-ext-escaped-character-0.62.2.jar;C:\Users\anuai\.m2\repository\com\vladsch\flexmark\flexmark-ext-footnotes\0.62.2\flexmark-ext-footnotes-0.62.2.jar;C:\Users\anuai\.m2\repository\com\vladsch\flexmark\flexmark-ext-gfm-tasklist\0.62.2\flexmark-ext-gfm-tasklist-0.62.2.jar;C:\Users\anuai\.m2\repository\com\vladsch\flexmark\flexmark-ext-ins\0.62.2\flexmark-ext-ins-0.62.2.jar;C:\Users\anuai\.m2\repository\com\vladsch\flexmark\flexmark-ext-jekyll-front-matter\0.62.2\flexmark-ext-jekyll-front-matter-0.62.2.jar;C:\Users\anuai\.m2\repository\com\vladsch\flexmark\flexmark-ext-yaml-front-matter\0.62.2\flexmark-ext-yaml-front-matter-0.62.2.jar;C:\Users\anuai\.m2\repository\com\vladsch\flexmark\flexmark-ext-superscript\0.62.2\flexmark-ext-superscript-0.62.2.jar;C:\Users\anuai\.m2\repository\com\vladsch\flexmark\flexmark-ext-toc\0.62.2\flexmark-ext-toc-0.62.2.jar;C:\Users\anuai\.m2\repository\com\vladsch\flexmark\flexmark-ext-typographic\0.62.2\flexmark-ext-typographic-0.62.2.jar;C:\Users\anuai\.m2\repository\com\vladsch\flexmark\flexmark-ext-wikilink\0.62.2\flexmark-ext-wikilink-0.62.2.jar;C:\Users\anuai\.m2\repository\org\concordion\concordion-logback-extension\2.1.2\concordion-logback-extension-2.1.2.jar;C:\Users\anuai\.m2\repository\org\concordion\concordion-logging-tooltip-extension\1.1.2\concordion-logging-tooltip-extension-1.1.2.jar;C:\Users\anuai\.m2\repository\commons-lang\commons-lang\2.6\commons-lang-2.6.jar;C:\Users\anuai\.m2\repository\org\slf4j\slf4j-ext\1.7.31\slf4j-ext-1.7.31.jar;C:\Users\anuai\.m2\repository\org\concordion\concordion-storyboard-extension\2.0.2\concordion-storyboard-extension-2.0.2.jar;C:\Users\anuai\.m2\repository\org\concordion\concordion-logback-extension\2.1.2\concordion-logback-extension-2.1.2-reportlogger.jar;C:\Users\anuai\.m2\repository\io\github\bonigarcia\webdrivermanager\4.4.3\webdrivermanager-4.4.3.jar;C:\Users\anuai\.m2\repository\org\apache\commons\commons-lang3\3.12.0\commons-lang3-3.12.0.jar;C:\Users\anuai\.m2\repository\org\apache\httpcomponents\client5\httpclient5\5.0.3\httpclient5-5.0.3.jar;C:\Users\anuai\.m2\repository\org\apache\httpcomponents\core5\httpcore5\5.0.2\httpcore5-5.0.2.jar;C:\Users\anuai\.m2\repository\org\apache\httpcomponents\core5\httpcore5-h2\5.0.2\httpcore5-h2-5.0.2.jar;C:\Users\anuai\.m2\repository\commons-codec\commons-codec\1.13\commons-codec-1.13.jar;C:\Users\anuai\.m2\repository\org\rauschig\jarchivelib\1.1.0\jarchivelib-1.1.0.jar;C:\Users\anuai\.m2\repository\org\apache\commons\commons-compress\1.20\commons-compress-1.20.jar;C:\Users\anuai\.m2\repository\org\seleniumhq\selenium\selenium-java\4.6.0\selenium-java-4.6.0.jar;C:\Users\anuai\.m2\repository\org\seleniumhq\selenium\selenium-api\4.6.0\selenium-api-4.6.0.jar;C:\Users\anuai\.m2\repository\org\seleniumhq\selenium\selenium-chrome-driver\4.6.0\selenium-chrome-driver-4.6.0.jar;C:\Users\anuai\.m2\repository\com\google\auto\service\auto-service-annotations\1.0.1\auto-service-annotations-1.0.1.jar;C:\Users\anuai\.m2\repository\com\google\auto\service\auto-service\1.0.1\auto-service-1.0.1.jar;C:\Users\anuai\.m2\repository\com\google\auto\auto-common\1.2\auto-common-1.2.jar;C:\Users\anuai\.m2\repository\com\google\guava\guava\31.1-jre\guava-31.1-jre.jar;C:\Users\anuai\.m2\repository\com\google\guava\failureaccess\1.0.1\failureaccess-1.0.1.jar;C:\Users\anuai\.m2\repository\com\google\guava\listenablefuture\9999.0-empty-to-avoid-conflict-with-guava\listenablefuture-9999.0-empty-to-avoid-conflict-with-guava.jar;C:\Users\anuai\.m2\repository\org\checkerframework\checker-qual\3.12.0\checker-qual-3.12.0.jar;C:\Users\anuai\.m2\repository\com\google\errorprone\error_prone_annotations\2.11.0\error_prone_annotations-2.11.0.jar;C:\Users\anuai\.m2\repository\com\google\j2objc\j2objc-annotations\1.3\j2objc-annotations-1.3.jar;C:\Users\anuai\.m2\repository\org\seleniumhq\selenium\selenium-chromium-driver\4.6.0\selenium-chromium-driver-4.6.0.jar;C:\Users\anuai\.m2\repository\org\seleniumhq\selenium\selenium-json\4.6.0\selenium-json-4.6.0.jar;C:\Users\anuai\.m2\repository\org\seleniumhq\selenium\selenium-devtools-v105\4.6.0\selenium-devtools-v105-4.6.0.jar;C:\Users\anuai\.m2\repository\org\seleniumhq\selenium\selenium-devtools-v106\4.6.0\selenium-devtools-v106-4.6.0.jar;C:\Users\anuai\.m2\repository\org\seleniumhq\selenium\selenium-devtools-v107\4.6.0\selenium-devtools-v107-4.6.0.jar;C:\Users\anuai\.m2\repository\org\seleniumhq\selenium\selenium-devtools-v85\4.6.0\selenium-devtools-v85-4.6.0.jar;C:\Users\anuai\.m2\repository\org\seleniumhq\selenium\selenium-edge-driver\4.6.0\selenium-edge-driver-4.6.0.jar;C:\Users\anuai\.m2\repository\org\seleniumhq\selenium\selenium-firefox-driver\4.6.0\selenium-firefox-driver-4.6.0.jar;C:\Users\anuai\.m2\repository\org\seleniumhq\selenium\selenium-ie-driver\4.6.0\selenium-ie-driver-4.6.0.jar;C:\Users\anuai\.m2\repository\org\seleniumhq\selenium\selenium-remote-driver\4.6.0\selenium-remote-driver-4.6.0.jar;C:\Users\anuai\.m2\repository\io\netty\netty-buffer\4.1.84.Final\netty-buffer-4.1.84.Final.jar;C:\Users\anuai\.m2\repository\io\netty\netty-codec-http\4.1.84.Final\netty-codec-http-4.1.84.Final.jar;C:\Users\anuai\.m2\repository\io\netty\netty-codec\4.1.84.Final\netty-codec-4.1.84.Final.jar;C:\Users\anuai\.m2\repository\io\netty\netty-handler\4.1.84.Final\netty-handler-4.1.84.Final.jar;C:\Users\anuai\.m2\repository\io\netty\netty-common\4.1.84.Final\netty-common-4.1.84.Final.jar;C:\Users\anuai\.m2\repository\io\netty\netty-transport-classes-epoll\4.1.84.Final\netty-transport-classes-epoll-4.1.84.Final.jar;C:\Users\anuai\.m2\repository\io\netty\netty-transport-classes-kqueue\4.1.84.Final\netty-transport-classes-kqueue-4.1.84.Final.jar;C:\Users\anuai\.m2\repository\io\netty\netty-transport-native-epoll\4.1.84.Final\netty-transport-native-epoll-4.1.84.Final.jar;C:\Users\anuai\.m2\repository\io\netty\netty-transport-native-kqueue\4.1.84.Final\netty-transport-native-kqueue-4.1.84.Final.jar;C:\Users\anuai\.m2\repository\io\netty\netty-transport-native-unix-common\4.1.84.Final\netty-transport-native-unix-common-4.1.84.Final.jar;C:\Users\anuai\.m2\repository\io\netty\netty-transport\4.1.84.Final\netty-transport-4.1.84.Final.jar;C:\Users\anuai\.m2\repository\io\netty\netty-resolver\4.1.84.Final\netty-resolver-4.1.84.Final.jar;C:\Users\anuai\.m2\repository\io\opentelemetry\opentelemetry-api\1.19.0\opentelemetry-api-1.19.0.jar;C:\Users\anuai\.m2\repository\io\opentelemetry\opentelemetry-context\1.19.0\opentelemetry-context-1.19.0.jar;C:\Users\anuai\.m2\repository\io\opentelemetry\opentelemetry-exporter-logging\1.19.0\opentelemetry-exporter-logging-1.19.0.jar;C:\Users\anuai\.m2\repository\io\opentelemetry\opentelemetry-sdk-metrics\1.19.0\opentelemetry-sdk-metrics-1.19.0.jar;C:\Users\anuai\.m2\repository\io\opentelemetry\opentelemetry-sdk-logs\1.19.0-alpha\opentelemetry-sdk-logs-1.19.0-alpha.jar;C:\Users\anuai\.m2\repository\io\opentelemetry\opentelemetry-api-logs\1.19.0-alpha\opentelemetry-api-logs-1.19.0-alpha.jar;C:\Users\anuai\.m2\repository\io\opentelemetry\opentelemetry-sdk-common\1.19.0\opentelemetry-sdk-common-1.19.0.jar;C:\Users\anuai\.m2\repository\io\opentelemetry\opentelemetry-sdk-extension-autoconfigure-spi\1.19.0\opentelemetry-sdk-extension-autoconfigure-spi-1.19.0.jar;C:\Users\anuai\.m2\repository\io\opentelemetry\opentelemetry-sdk-extension-autoconfigure\1.19.0-alpha\opentelemetry-sdk-extension-autoconfigure-1.19.0-alpha.jar;C:\Users\anuai\.m2\repository\io\opentelemetry\opentelemetry-exporter-common\1.19.0\opentelemetry-exporter-common-1.19.0.jar;C:\Users\anuai\.m2\repository\io\opentelemetry\opentelemetry-sdk-trace\1.19.0\opentelemetry-sdk-trace-1.19.0.jar;C:\Users\anuai\.m2\repository\io\opentelemetry\opentelemetry-sdk\1.19.0\opentelemetry-sdk-1.19.0.jar;C:\Users\anuai\.m2\repository\io\opentelemetry\opentelemetry-semconv\1.19.0-alpha\opentelemetry-semconv-1.19.0-alpha.jar;C:\Users\anuai\.m2\repository\io\ous\jtoml\2.0.0\jtoml-2.0.0.jar;C:\Users\anuai\.m2\repository\net\bytebuddy\byte-buddy\1.12.18\byte-buddy-1.12.18.jar;C:\Users\anuai\.m2\repository\org\apache\commons\commons-exec\1.3\commons-exec-1.3.jar;C:\Users\anuai\.m2\repository\org\asynchttpclient\async-http-client\2.12.3\async-http-client-2.12.3.jar;C:\Users\anuai\.m2\repository\org\asynchttpclient\async-http-client-netty-utils\2.12.3\async-http-client-netty-utils-2.12.3.jar;C:\Users\anuai\.m2\repository\io\netty\netty-codec-socks\4.1.60.Final\netty-codec-socks-4.1.60.Final.jar;C:\Users\anuai\.m2\repository\io\netty\netty-handler-proxy\4.1.60.Final\netty-handler-proxy-4.1.60.Final.jar;C:\Users\anuai\.m2\repository\io\netty\netty-transport-native-epoll\4.1.60.Final\netty-transport-native-epoll-4.1.60.Final-linux-x86_64.jar;C:\Users\anuai\.m2\repository\io\netty\netty-transport-native-kqueue\4.1.60.Final\netty-transport-native-kqueue-4.1.60.Final-osx-x86_64.jar;C:\Users\anuai\.m2\repository\com\typesafe\netty\netty-reactive-streams\2.0.4\netty-reactive-streams-2.0.4.jar;C:\Users\anuai\.m2\repository\com\sun\activation\jakarta.activation\1.2.2\jakarta.activation-1.2.2.jar;C:\Users\anuai\.m2\repository\org\seleniumhq\selenium\selenium-http\4.6.0\selenium-http-4.6.0.jar;C:\Users\anuai\.m2\repository\dev\failsafe\failsafe\3.3.0\failsafe-3.3.0.jar;C:\Users\anuai\.m2\repository\org\seleniumhq\selenium\selenium-manager\4.6.0\selenium-manager-4.6.0.jar;C:\Users\anuai\.m2\repository\org\seleniumhq\selenium\selenium-safari-driver\4.6.0\selenium-safari-driver-4.6.0.jar;C:\Users\anuai\.m2\repository\org\seleniumhq\selenium\selenium-support\4.6.0\selenium-support-4.6.0.jar;C:\Users\anuai\.m2\repository\org\testng\testng\7.6.1\testng-7.6.1.jar;C:\Users\anuai\.m2\repository\com\google\code\findbugs\jsr305\3.0.2\jsr305-3.0.2.jar;C:\Users\anuai\.m2\repository\com\beust\jcommander\1.82\jcommander-1.82.jar;C:\Users\anuai\.m2\repository\org\webjars\jquery\3.6.0\jquery-3.6.0.jar;C:\Users\anuai\.m2\repository\org\apache\logging\log4j\log4j-core\2.19.0\log4j-core-2.19.0.jar;C:\Users\anuai\.m2\repository\org\apache\logging\log4j\log4j-api\2.19.0\log4j-api-2.19.0.jar;C:\Users\anuai\.m2\repository\commons-io\commons-io\2.11.0\commons-io-2.11.0.jar;C:\Users\anuai\.m2\repository\com\aventstack\extentreports\5.0.9\extentreports-5.0.9.jar;C:\Users\anuai\.m2\repository\io\reactivex\rxjava3\rxjava\3.0.4\rxjava-3.0.4.jar;C:\Users\anuai\.m2\repository\org\reactivestreams\reactive-streams\1.0.3\reactive-streams-1.0.3.jar;C:\Users\anuai\.m2\repository\org\freemarker\freemarker\2.3.30\freemarker-2.3.30.jar;C:\Users\anuai\.m2\repository\org\projectlombok\lombok\1.18.12\lombok-1.18.12.jar;C:\Users\anuai\.m2\repository\com\google\code\gson\gson\2.8.6\gson-2.8.6.jar;"/>
    <property name="sun.cpu.endian" value="little"/>
    <property name="user.home" value="C:\Users\anuai"/>
    <property name="user.language" value="en"/>
    <property name="java.specification.vendor" value="Oracle Corporation"/>
    <property name="java.version.date" value="2022-04-19"/>
    <property name="java.home" value="C:\Program Files\Java\jdk-11.0.15"/>
    <property name="file.separator" value="\"/>
    <property name="basedir" value="D:\My Project\firsttest\FrameworkProj"/>
    <property name="java.vm.compressedOopsMode" value="Zero based"/>
    <property name="line.separator" value="&#10;"/>
    <property name="java.specification.name" value="Java Platform API Specification"/>
    <property name="java.vm.specification.vendor" value="Oracle Corporation"/>
    <property name="java.awt.graphicsenv" value="sun.awt.Win32GraphicsEnvironment"/>
    <property name="surefire.real.class.path" value="C:\Users\anuai\AppData\Local\Temp\surefire2638513107249299085\surefirebooter-20221108161618696_3.jar"/>
    <property name="user.script" value=""/>
    <property name="sun.management.compiler" value="HotSpot 64-Bit Tiered Compilers"/>
    <property name="java.runtime.version" value="11.0.15+8-LTS-149"/>
    <property name="user.name" value="anu"/>
    <property name="path.separator" value=";"/>
    <property name="os.version" value="10.0"/>
    <property name="java.runtime.name" value="Java(TM) SE Runtime Environment"/>
    <property name="file.encoding" value="Cp1252"/>
    <property name="java.vm.name" value="Java HotSpot(TM) 64-Bit Server VM"/>
    <property name="java.vendor.version" value="18.9"/>
    <property name="localRepository" value="C:\Users\anuai\.m2\repository"/>
    <property name="java.vendor.url.bug" value="https://bugreport.java.com/bugreport/"/>
    <property name="java.io.tmpdir" value="C:\Users\anuai\AppData\Local\Temp\"/>
    <property name="java.version" value="11.0.15"/>
    <property name="user.dir" value="D:\My Project\firsttest\FrameworkProj"/>
    <property name="os.arch" value="amd64"/>
    <property name="java.vm.specification.name" value="Java Virtual Machine Specification"/>
    <property name="java.awt.printerjob" value="sun.awt.windows.WPrinterJob"/>
    <property name="sun.os.patch.level" value=""/>
    <property name="java.library.path" value="C:\Program Files\Java\jdk-11.0.15\bin;C:\WINDOWS\Sun\Java\bin;C:\WINDOWS\system32;C:\WINDOWS;C:\Program Files\Common Files\Oracle\Java\javapath;C:\Python38\Scripts\;C:\Python38\;C:\ProgramData\Oracle\Java\javapath;C:\WINDOWS\system32;C:\WINDOWS;C:\WINDOWS\System32\Wbem;C:\WINDOWS\System32\WindowsPowerShell\v1.0\;C:\WINDOWS\System32\OpenSSH\;C:\Program Files\Git\cmd;C:\Program Files\nodejs\;C:\ProgramData\chocolatey\bin;C:\Users\Jaison\AppData\Local\Android\Sdk\platform-tools;C:\Program Files\nodejs;C:\Program Files\Java\jdk-11.0.15\bin;D:\Maven\apache-maven-3.8.6\bin;C:\Program Files\MySQL\MySQL Shell 8.0\bin\;C:\Users\anuai\AppData\Local\Microsoft\WindowsApps;."/>
    <property name="java.vendor" value="Oracle Corporation"/>
    <property name="java.vm.info" value="mixed mode"/>
    <property name="java.vm.version" value="11.0.15+8-LTS-149"/>
    <property name="sun.io.unicode.encoding" value="UnicodeLittle"/>
    <property name="java.class.version" value="55.0"/>
  </properties>
  <testcase name="testFour" classname="tests.FourTest" time="0.015">
    <system-out><![CDATA[16:16:20.374 [main] DEBUG org.testng.TestNG - suiteXmlPath: "D:\My Project\firsttest\FrameworkProj\testng.xml"
16:16:21.510 [main] DEBUG org.testng.internal.Graph - [Graph] ADDING NODE LoginTest.openApplication()[pri:0, instance:null] -1592687769
16:16:21.512 [main] DEBUG org.testng.internal.Graph - [Graph] ================ SORTING
16:16:21.527 [main] DEBUG org.testng.internal.Graph - [Graph] =============== DONE SORTING
16:16:21.527 [main] DEBUG org.testng.internal.Graph - [Graph] ====== SORTED NODES
16:16:21.527 [main] DEBUG org.testng.internal.Graph - [Graph] ====== END SORTED NODES
16:16:21.534 [main] DEBUG org.testng.internal.Graph - [Graph] ADDING NODE LoginTest.closure()[pri:0, instance:null] 2106105332
16:16:21.535 [main] DEBUG org.testng.internal.Graph - [Graph] ================ SORTING
16:16:21.535 [main] DEBUG org.testng.internal.Graph - [Graph] =============== DONE SORTING
16:16:21.535 [main] DEBUG org.testng.internal.Graph - [Graph] ====== SORTED NODES
16:16:21.535 [main] DEBUG org.testng.internal.Graph - [Graph] ====== END SORTED NODES
16:16:21.551 [main] DEBUG org.testng.internal.Graph - [Graph] ADDING NODE FourTest.testFour()[pri:0, instance:tests.FourTest@37313c65] -1214786871
16:16:21.551 [main] DEBUG org.testng.internal.Graph - [Graph] ADDING NODE TwoTest.testtwo()[pri:0, instance:tests.TwoTest@700fb871] 500212519
16:16:21.551 [main] DEBUG org.testng.internal.Graph - [Graph] ADDING NODE LoginTest.login(java.lang.String,java.lang.String,java.lang.String)[pri:0, instance:tests.LoginTest@13d73f29] -850764989
16:16:21.555 [main] DEBUG org.testng.internal.Graph - [Graph] ADDING NODE ThreeTest.testThree()[pri:0, instance:tests.ThreeTest@68878f6d] 1347333503
16:16:21.555 [main] DEBUG org.testng.internal.Graph - [Graph] ================ SORTING
16:16:21.555 [main] DEBUG org.testng.internal.Graph - [Graph] =============== DONE SORTING
16:16:21.555 [main] DEBUG org.testng.internal.Graph - [Graph] ====== SORTED NODES
16:16:21.555 [main] DEBUG org.testng.internal.Graph - [Graph] ====== END SORTED NODES
Test Four
]]></system-out>
  </testcase>
  <testcase name="testtwo" classname="tests.TwoTest" time="0">
    <system-out><![CDATA[Test Two
]]></system-out>
  </testcase>
  <testcase name="login[anu.aimit.2010@gmail.com, 1234, Successful](1)" classname="tests.LoginTest" time="2.393">
    <system-out><![CDATA[16:16:22.729 [main] DEBUG io.github.bonigarcia.wdm.cache.ResolutionCache - Resolution chrome=107 in cache (valid until 16:45:57 08/11/2022 EST)
16:16:22.729 [main] DEBUG io.github.bonigarcia.wdm.cache.ResolutionCache - Resolution chrome107=107.0.5304.62 in cache (valid until 09:11:23 09/11/2022 EST)
16:16:22.737 [main] INFO io.github.bonigarcia.wdm.WebDriverManager - Using chromedriver 107.0.5304.62 (resolved driver for Chrome 107)
16:16:22.786 [main] DEBUG io.github.bonigarcia.wdm.WebDriverManager - Driver chromedriver 107.0.5304.62 found in cache
16:16:22.786 [main] INFO io.github.bonigarcia.wdm.WebDriverManager - Exporting webdriver.chrome.driver as C:\Users\anuai\.cache\selenium\chromedriver\win32\107.0.5304.62\chromedriver.exe
16:16:23.091 [main] DEBUG io.netty.util.internal.logging.InternalLoggerFactory - Using SLF4J as the default logging framework
16:16:23.096 [main] DEBUG io.netty.util.ResourceLeakDetector - -Dio.netty.leakDetection.level: simple
16:16:23.096 [main] DEBUG io.netty.util.ResourceLeakDetector - -Dio.netty.leakDetection.targetRecords: 4
16:16:23.104 [main] DEBUG io.netty.util.ResourceLeakDetectorFactory - Loaded default ResourceLeakDetector: io.netty.util.ResourceLeakDetector@36dce7ed
16:16:23.187 [main] DEBUG io.netty.util.internal.PlatformDependent0 - -Dio.netty.noUnsafe: false
16:16:23.187 [main] DEBUG io.netty.util.internal.PlatformDependent0 - Java version: 11
16:16:23.198 [main] DEBUG io.netty.util.internal.PlatformDependent0 - sun.misc.Unsafe.theUnsafe: available
16:16:23.198 [main] DEBUG io.netty.util.internal.PlatformDependent0 - sun.misc.Unsafe.copyMemory: available
16:16:23.198 [main] DEBUG io.netty.util.internal.PlatformDependent0 - sun.misc.Unsafe.storeFence: available
16:16:23.198 [main] DEBUG io.netty.util.internal.PlatformDependent0 - java.nio.Buffer.address: available
16:16:23.202 [main] DEBUG io.netty.util.internal.PlatformDependent0 - direct buffer constructor: unavailable: Reflective setAccessible(true) disabled
16:16:23.202 [main] DEBUG io.netty.util.internal.PlatformDependent0 - java.nio.Bits.unaligned: available, true
16:16:23.202 [main] DEBUG io.netty.util.internal.PlatformDependent0 - jdk.internal.misc.Unsafe.allocateUninitializedArray(int): unavailable: class io.netty.util.internal.PlatformDependent0$7 cannot access class jdk.internal.misc.Unsafe (in module java.base) because module java.base does not export jdk.internal.misc to unnamed module @7ee55e70
16:16:23.209 [main] DEBUG io.netty.util.internal.PlatformDependent0 - java.nio.DirectByteBuffer.<init>(long, int): unavailable
16:16:23.209 [main] DEBUG io.netty.util.internal.PlatformDependent - sun.misc.Unsafe: available
16:16:23.210 [main] DEBUG io.netty.util.internal.PlatformDependent - maxDirectMemory: 2669674496 bytes (maybe)
16:16:23.210 [main] DEBUG io.netty.util.internal.PlatformDependent - -Dio.netty.tmpdir: C:\Users\anuai\AppData\Local\Temp (java.io.tmpdir)
16:16:23.210 [main] DEBUG io.netty.util.internal.PlatformDependent - -Dio.netty.bitMode: 64 (sun.arch.data.model)
16:16:23.210 [main] DEBUG io.netty.util.internal.PlatformDependent - Platform: Windows
16:16:23.219 [main] DEBUG io.netty.util.internal.PlatformDependent - -Dio.netty.maxDirectMemory: -1 bytes
16:16:23.219 [main] DEBUG io.netty.util.internal.PlatformDependent - -Dio.netty.uninitializedArrayAllocationThreshold: -1
16:16:23.224 [main] DEBUG io.netty.util.internal.CleanerJava9 - java.nio.ByteBuffer.cleaner(): available
16:16:23.224 [main] DEBUG io.netty.util.internal.PlatformDependent - -Dio.netty.noPreferDirect: false
16:16:23.243 [main] DEBUG io.netty.util.internal.PlatformDependent - org.jctools-core.MpscChunkedArrayQueue: available
16:16:23.294 [main] DEBUG io.netty.util.internal.InternalThreadLocalMap - -Dio.netty.threadLocalMap.stringBuilder.initialSize: 1024
16:16:23.294 [main] DEBUG io.netty.util.internal.InternalThreadLocalMap - -Dio.netty.threadLocalMap.stringBuilder.maxSize: 4096
16:16:23.337 [main] DEBUG io.netty.handler.ssl.JdkSslContext - Default protocols (JDK): [TLSv1.3, TLSv1.2] 
16:16:23.340 [main] DEBUG io.netty.handler.ssl.JdkSslContext - Default cipher suites (JDK): [TLS_ECDHE_ECDSA_WITH_AES_256_GCM_SHA384, TLS_ECDHE_ECDSA_WITH_AES_128_GCM_SHA256, TLS_ECDHE_RSA_WITH_AES_128_GCM_SHA256, TLS_ECDHE_RSA_WITH_AES_256_GCM_SHA384, TLS_ECDHE_RSA_WITH_AES_128_CBC_SHA, TLS_ECDHE_RSA_WITH_AES_256_CBC_SHA, TLS_RSA_WITH_AES_128_GCM_SHA256, TLS_RSA_WITH_AES_128_CBC_SHA, TLS_RSA_WITH_AES_256_CBC_SHA, TLS_AES_128_GCM_SHA256, TLS_AES_256_GCM_SHA384]
16:16:23.390 [main] DEBUG io.netty.channel.MultithreadEventLoopGroup - -Dio.netty.eventLoopThreads: 8
16:16:23.405 [main] DEBUG io.netty.channel.nio.NioEventLoop - -Dio.netty.noKeySetOptimization: false
16:16:23.405 [main] DEBUG io.netty.channel.nio.NioEventLoop - -Dio.netty.selectorAutoRebuildThreshold: 512
16:16:23.479 [main] DEBUG io.netty.buffer.PooledByteBufAllocator - -Dio.netty.allocator.numHeapArenas: 8
16:16:23.479 [main] DEBUG io.netty.buffer.PooledByteBufAllocator - -Dio.netty.allocator.numDirectArenas: 8
16:16:23.479 [main] DEBUG io.netty.buffer.PooledByteBufAllocator - -Dio.netty.allocator.pageSize: 8192
16:16:23.479 [main] DEBUG io.netty.buffer.PooledByteBufAllocator - -Dio.netty.allocator.maxOrder: 9
16:16:23.479 [main] DEBUG io.netty.buffer.PooledByteBufAllocator - -Dio.netty.allocator.chunkSize: 4194304
16:16:23.479 [main] DEBUG io.netty.buffer.PooledByteBufAllocator - -Dio.netty.allocator.smallCacheSize: 256
16:16:23.479 [main] DEBUG io.netty.buffer.PooledByteBufAllocator - -Dio.netty.allocator.normalCacheSize: 64
16:16:23.479 [main] DEBUG io.netty.buffer.PooledByteBufAllocator - -Dio.netty.allocator.maxCachedBufferCapacity: 32768
16:16:23.479 [main] DEBUG io.netty.buffer.PooledByteBufAllocator - -Dio.netty.allocator.cacheTrimInterval: 8192
16:16:23.479 [main] DEBUG io.netty.buffer.PooledByteBufAllocator - -Dio.netty.allocator.cacheTrimIntervalMillis: 0
16:16:23.479 [main] DEBUG io.netty.buffer.PooledByteBufAllocator - -Dio.netty.allocator.useCacheForAllThreads: false
16:16:23.479 [main] DEBUG io.netty.buffer.PooledByteBufAllocator - -Dio.netty.allocator.maxCachedByteBuffersPerChunk: 1023
16:16:23.512 [main] DEBUG io.netty.buffer.ByteBufUtil - -Dio.netty.allocator.type: pooled
16:16:23.512 [main] DEBUG io.netty.buffer.ByteBufUtil - -Dio.netty.threadLocalDirectBufferSize: 0
16:16:23.512 [main] DEBUG io.netty.buffer.ByteBufUtil - -Dio.netty.maxThreadLocalCharBufferSize: 16384
16:16:24.634 [Forwarding newSession on session null to remote] DEBUG io.netty.channel.DefaultChannelId - -Dio.netty.processId: 2712 (auto-detected)
16:16:24.638 [Forwarding newSession on session null to remote] DEBUG io.netty.util.NetUtil - -Djava.net.preferIPv4Stack: false
16:16:24.638 [Forwarding newSession on session null to remote] DEBUG io.netty.util.NetUtil - -Djava.net.preferIPv6Addresses: false
16:16:24.962 [Forwarding newSession on session null to remote] DEBUG io.netty.util.NetUtilInitializations - Loopback interface: lo (Software Loopback Interface 1, 127.0.0.1)
16:16:24.962 [Forwarding newSession on session null to remote] DEBUG io.netty.util.NetUtil - Failed to get SOMAXCONN from sysctl and file \proc\sys\net\core\somaxconn. Default: 200
16:16:25.294 [Forwarding newSession on session null to remote] DEBUG io.netty.channel.DefaultChannelId - -Dio.netty.machineId: 3c:91:80:ff:fe:93:a9:5d (auto-detected)
16:16:25.419 [AsyncHttpClient-1-2] DEBUG io.netty.buffer.AbstractByteBuf - -Dio.netty.buffer.checkAccessible: true
16:16:25.419 [AsyncHttpClient-1-2] DEBUG io.netty.buffer.AbstractByteBuf - -Dio.netty.buffer.checkBounds: true
16:16:25.419 [AsyncHttpClient-1-2] DEBUG io.netty.util.ResourceLeakDetectorFactory - Loaded default ResourceLeakDetector: io.netty.util.ResourceLeakDetector@54193877
16:16:25.453 [AsyncHttpClient-1-2] DEBUG org.asynchttpclient.netty.channel.NettyConnectListener - Using new Channel '[id: 0x5cb957a2, L:/127.0.0.1:57551 - R:localhost/127.0.0.1:28779]' for 'POST' to '/session'
16:16:25.494 [AsyncHttpClient-1-2] DEBUG io.netty.util.Recycler - -Dio.netty.recycler.maxCapacityPerThread: 4096
16:16:25.494 [AsyncHttpClient-1-2] DEBUG io.netty.util.Recycler - -Dio.netty.recycler.ratio: 8
16:16:25.494 [AsyncHttpClient-1-2] DEBUG io.netty.util.Recycler - -Dio.netty.recycler.chunkSize: 32
16:16:25.494 [AsyncHttpClient-1-2] DEBUG io.netty.util.Recycler - -Dio.netty.recycler.blocking: false
16:16:26.814 [AsyncHttpClient-1-2] DEBUG io.netty.handler.codec.compression.Brotli - brotli4j not in the classpath; Brotli support will be unavailable.
16:16:26.814 [AsyncHttpClient-1-2] DEBUG org.asynchttpclient.netty.handler.HttpHandler - 

Request DefaultHttpRequest(decodeResult: success, version: HTTP/1.1)
POST /session HTTP/1.1
User-Agent: selenium/4.6.0 (java windows)
Content-Length: 365
Content-Type: application/json; charset=utf-8
host: localhost:28779
accept: */*

Response DefaultHttpResponse(decodeResult: success, version: HTTP/1.1)
HTTP/1.1 200 OK
Content-Type: application/json; charset=utf-8
cache-control: no-cache
content-length: 789

16:16:26.835 [AsyncHttpClient-1-2] DEBUG org.asynchttpclient.netty.channel.ChannelManager - Adding key: http://localhost:28779 for channel [id: 0x5cb957a2, L:/127.0.0.1:57551 - R:localhost/127.0.0.1:28779]
16:16:27.073 [AsyncHttpClient-1-3] DEBUG org.asynchttpclient.netty.channel.NettyConnectListener - Using new Channel '[id: 0xcc24e8b5, L:/127.0.0.1:57560 - R:localhost/127.0.0.1:57552]' for 'GET' to '/json/version'
16:16:27.081 [AsyncHttpClient-1-3] DEBUG org.asynchttpclient.netty.handler.HttpHandler - 

Request DefaultFullHttpRequest(decodeResult: success, version: HTTP/1.1, content: EmptyByteBufBE)
GET /json/version HTTP/1.1
User-Agent: selenium/4.6.0 (java windows)
host: localhost:57552
accept: */*

Response DefaultHttpResponse(decodeResult: success, version: HTTP/1.1)
HTTP/1.1 200 OK
Content-Type: application/json; charset=UTF-8
content-length: 423

16:16:27.081 [AsyncHttpClient-1-3] DEBUG org.asynchttpclient.netty.channel.ChannelManager - Adding key: http://localhost:57552 for channel [id: 0xcc24e8b5, L:/127.0.0.1:57560 - R:localhost/127.0.0.1:57552]
16:16:27.097 [main] DEBUG io.netty.util.internal.ThreadLocalRandom - -Dio.netty.initialSeedUniquifier: 0x4b667c3a57e3e184
16:16:27.106 [AsyncHttpClient-1-4] DEBUG org.asynchttpclient.netty.channel.NettyConnectListener - Using new Channel '[id: 0xdb1b2420, L:/127.0.0.1:57561 - R:localhost/127.0.0.1:57552]' for 'GET' to '/devtools/browser/4dba98cf-9b21-4b96-afb9-3bae7145bf7a'
16:16:27.114 [AsyncHttpClient-1-4] DEBUG org.asynchttpclient.netty.handler.WebSocketHandler - 

Request DefaultFullHttpRequest(decodeResult: success, version: HTTP/1.1, content: EmptyByteBufBE)
GET /devtools/browser/4dba98cf-9b21-4b96-afb9-3bae7145bf7a HTTP/1.1
upgrade: websocket
connection: upgrade
sec-websocket-key: ZmXzYcjhcNjtKAXv80o7AQ==
sec-websocket-version: 13
origin: http://localhost:57552
host: localhost:57552
accept: */*
user-agent: AHC/2.1

Response DefaultHttpResponse(decodeResult: success, version: HTTP/1.1)
HTTP/1.1 101 WebSocket Protocol Handshake
Upgrade: WebSocket
Connection: Upgrade
Sec-WebSocket-Accept: lkzCx/wTYbLatLjt1eVYkNMTlus=

16:16:27.194 [Forwarding maximizeCurrentWindow on session f8e942181474763cac0cc12dca0e61cd to remote] DEBUG org.asynchttpclient.netty.request.NettyRequestSender - Using pooled Channel '[id: 0x5cb957a2, L:/127.0.0.1:57551 - R:localhost/127.0.0.1:28779]' for 'POST' to 'http://localhost:28779/session/f8e942181474763cac0cc12dca0e61cd/window/maximize'
16:16:27.194 [Forwarding maximizeCurrentWindow on session f8e942181474763cac0cc12dca0e61cd to remote] DEBUG org.asynchttpclient.netty.request.NettyRequestSender - Using open Channel [id: 0x5cb957a2, L:/127.0.0.1:57551 - R:localhost/127.0.0.1:28779] for POST '/session/f8e942181474763cac0cc12dca0e61cd/window/maximize'
16:16:27.335 [AsyncHttpClient-1-2] DEBUG org.asynchttpclient.netty.handler.HttpHandler - 

Request DefaultHttpRequest(decodeResult: success, version: HTTP/1.1)
POST /session/f8e942181474763cac0cc12dca0e61cd/window/maximize HTTP/1.1
User-Agent: selenium/4.6.0 (java windows)
Content-Length: 3
Content-Type: application/json; charset=utf-8
host: localhost:28779
accept: */*

Response DefaultHttpResponse(decodeResult: success, version: HTTP/1.1)
HTTP/1.1 200 OK
Content-Type: application/json; charset=utf-8
cache-control: no-cache
content-length: 51

16:16:27.336 [AsyncHttpClient-1-2] DEBUG org.asynchttpclient.netty.channel.ChannelManager - Adding key: http://localhost:28779 for channel [id: 0x5cb957a2, L:/127.0.0.1:57551 - R:localhost/127.0.0.1:28779]
16:16:27.350 [Forwarding get on session f8e942181474763cac0cc12dca0e61cd to remote] DEBUG org.asynchttpclient.netty.request.NettyRequestSender - Using pooled Channel '[id: 0x5cb957a2, L:/127.0.0.1:57551 - R:localhost/127.0.0.1:28779]' for 'POST' to 'http://localhost:28779/session/f8e942181474763cac0cc12dca0e61cd/url'
16:16:27.351 [Forwarding get on session f8e942181474763cac0cc12dca0e61cd to remote] DEBUG org.asynchttpclient.netty.request.NettyRequestSender - Using open Channel [id: 0x5cb957a2, L:/127.0.0.1:57551 - R:localhost/127.0.0.1:28779] for POST '/session/f8e942181474763cac0cc12dca0e61cd/url'
16:16:27.669 [AsyncHttpClient-1-1] DEBUG org.asynchttpclient.netty.channel.DefaultChannelPool - Entry count for : http://localhost:57552 : 1
16:16:28.762 [AsyncHttpClient-1-1] DEBUG org.asynchttpclient.netty.channel.DefaultChannelPool - Entry count for : http://localhost:57552 : 1
16:16:29.873 [AsyncHttpClient-1-1] DEBUG org.asynchttpclient.netty.channel.DefaultChannelPool - Entry count for : http://localhost:57552 : 1
16:16:30.542 [AsyncHttpClient-1-2] DEBUG org.asynchttpclient.netty.handler.HttpHandler - 

Request DefaultHttpRequest(decodeResult: success, version: HTTP/1.1)
POST /session/f8e942181474763cac0cc12dca0e61cd/url HTTP/1.1
User-Agent: selenium/4.6.0 (java windows)
Content-Length: 66
Content-Type: application/json; charset=utf-8
host: localhost:28779
accept: */*

Response DefaultHttpResponse(decodeResult: success, version: HTTP/1.1)
HTTP/1.1 200 OK
Content-Type: application/json; charset=utf-8
cache-control: no-cache
content-length: 14

16:16:30.542 [AsyncHttpClient-1-2] DEBUG org.asynchttpclient.netty.channel.ChannelManager - Adding key: http://localhost:28779 for channel [id: 0x5cb957a2, L:/127.0.0.1:57551 - R:localhost/127.0.0.1:28779]
16:16:30.638 [Forwarding findElement on session f8e942181474763cac0cc12dca0e61cd to remote] DEBUG org.asynchttpclient.netty.request.NettyRequestSender - Using pooled Channel '[id: 0x5cb957a2, L:/127.0.0.1:57551 - R:localhost/127.0.0.1:28779]' for 'POST' to 'http://localhost:28779/session/f8e942181474763cac0cc12dca0e61cd/element'
16:16:30.638 [Forwarding findElement on session f8e942181474763cac0cc12dca0e61cd to remote] DEBUG org.asynchttpclient.netty.request.NettyRequestSender - Using open Channel [id: 0x5cb957a2, L:/127.0.0.1:57551 - R:localhost/127.0.0.1:28779] for POST '/session/f8e942181474763cac0cc12dca0e61cd/element'
16:16:30.687 [AsyncHttpClient-1-2] DEBUG org.asynchttpclient.netty.handler.HttpHandler - 

Request DefaultHttpRequest(decodeResult: success, version: HTTP/1.1)
POST /session/f8e942181474763cac0cc12dca0e61cd/element HTTP/1.1
User-Agent: selenium/4.6.0 (java windows)
Content-Length: 71
Content-Type: application/json; charset=utf-8
host: localhost:28779
accept: */*

Response DefaultHttpResponse(decodeResult: success, version: HTTP/1.1)
HTTP/1.1 200 OK
Content-Type: application/json; charset=utf-8
cache-control: no-cache
content-length: 88

16:16:30.687 [AsyncHttpClient-1-2] DEBUG org.asynchttpclient.netty.channel.ChannelManager - Adding key: http://localhost:28779 for channel [id: 0x5cb957a2, L:/127.0.0.1:57551 - R:localhost/127.0.0.1:28779]
16:16:30.704 [Forwarding clickElement on session f8e942181474763cac0cc12dca0e61cd to remote] DEBUG org.asynchttpclient.netty.request.NettyRequestSender - Using pooled Channel '[id: 0x5cb957a2, L:/127.0.0.1:57551 - R:localhost/127.0.0.1:28779]' for 'POST' to 'http://localhost:28779/session/f8e942181474763cac0cc12dca0e61cd/element/652dd43b-b8f8-42eb-89e0-c8437c548629/click'
16:16:30.704 [Forwarding clickElement on session f8e942181474763cac0cc12dca0e61cd to remote] DEBUG org.asynchttpclient.netty.request.NettyRequestSender - Using open Channel [id: 0x5cb957a2, L:/127.0.0.1:57551 - R:localhost/127.0.0.1:28779] for POST '/session/f8e942181474763cac0cc12dca0e61cd/element/652dd43b-b8f8-42eb-89e0-c8437c548629/click'
16:16:30.811 [AsyncHttpClient-1-2] DEBUG org.asynchttpclient.netty.handler.HttpHandler - 

Request DefaultHttpRequest(decodeResult: success, version: HTTP/1.1)
POST /session/f8e942181474763cac0cc12dca0e61cd/element/652dd43b-b8f8-42eb-89e0-c8437c548629/click HTTP/1.1
User-Agent: selenium/4.6.0 (java windows)
Content-Length: 50
Content-Type: application/json; charset=utf-8
host: localhost:28779
accept: */*

Response DefaultHttpResponse(decodeResult: success, version: HTTP/1.1)
HTTP/1.1 200 OK
Content-Type: application/json; charset=utf-8
cache-control: no-cache
content-length: 14

16:16:30.814 [AsyncHttpClient-1-2] DEBUG org.asynchttpclient.netty.channel.ChannelManager - Adding key: http://localhost:28779 for channel [id: 0x5cb957a2, L:/127.0.0.1:57551 - R:localhost/127.0.0.1:28779]
16:16:30.819 [Forwarding findElement on session f8e942181474763cac0cc12dca0e61cd to remote] DEBUG org.asynchttpclient.netty.request.NettyRequestSender - Using pooled Channel '[id: 0x5cb957a2, L:/127.0.0.1:57551 - R:localhost/127.0.0.1:28779]' for 'POST' to 'http://localhost:28779/session/f8e942181474763cac0cc12dca0e61cd/element'
16:16:30.825 [Forwarding findElement on session f8e942181474763cac0cc12dca0e61cd to remote] DEBUG org.asynchttpclient.netty.request.NettyRequestSender - Using open Channel [id: 0x5cb957a2, L:/127.0.0.1:57551 - R:localhost/127.0.0.1:28779] for POST '/session/f8e942181474763cac0cc12dca0e61cd/element'
16:16:30.861 [AsyncHttpClient-1-2] DEBUG org.asynchttpclient.netty.handler.HttpHandler - 

Request DefaultHttpRequest(decodeResult: success, version: HTTP/1.1)
POST /session/f8e942181474763cac0cc12dca0e61cd/element HTTP/1.1
User-Agent: selenium/4.6.0 (java windows)
Content-Length: 46
Content-Type: application/json; charset=utf-8
host: localhost:28779
accept: */*

Response DefaultHttpResponse(decodeResult: success, version: HTTP/1.1)
HTTP/1.1 200 OK
Content-Type: application/json; charset=utf-8
cache-control: no-cache
content-length: 88

16:16:30.861 [AsyncHttpClient-1-2] DEBUG org.asynchttpclient.netty.channel.ChannelManager - Adding key: http://localhost:28779 for channel [id: 0x5cb957a2, L:/127.0.0.1:57551 - R:localhost/127.0.0.1:28779]
16:16:30.870 [Forwarding clickElement on session f8e942181474763cac0cc12dca0e61cd to remote] DEBUG org.asynchttpclient.netty.request.NettyRequestSender - Using pooled Channel '[id: 0x5cb957a2, L:/127.0.0.1:57551 - R:localhost/127.0.0.1:28779]' for 'POST' to 'http://localhost:28779/session/f8e942181474763cac0cc12dca0e61cd/element/efee86dc-e381-48fc-be41-98703a6fec5a/click'
16:16:30.870 [Forwarding clickElement on session f8e942181474763cac0cc12dca0e61cd to remote] DEBUG org.asynchttpclient.netty.request.NettyRequestSender - Using open Channel [id: 0x5cb957a2, L:/127.0.0.1:57551 - R:localhost/127.0.0.1:28779] for POST '/session/f8e942181474763cac0cc12dca0e61cd/element/efee86dc-e381-48fc-be41-98703a6fec5a/click'
16:16:30.967 [AsyncHttpClient-1-1] DEBUG org.asynchttpclient.netty.channel.DefaultChannelPool - Entry count for : http://localhost:57552 : 1
16:16:31.422 [AsyncHttpClient-1-2] DEBUG org.asynchttpclient.netty.handler.HttpHandler - 

Request DefaultHttpRequest(decodeResult: success, version: HTTP/1.1)
POST /session/f8e942181474763cac0cc12dca0e61cd/element/efee86dc-e381-48fc-be41-98703a6fec5a/click HTTP/1.1
User-Agent: selenium/4.6.0 (java windows)
Content-Length: 50
Content-Type: application/json; charset=utf-8
host: localhost:28779
accept: */*

Response DefaultHttpResponse(decodeResult: success, version: HTTP/1.1)
HTTP/1.1 200 OK
Content-Type: application/json; charset=utf-8
cache-control: no-cache
content-length: 14

16:16:31.422 [AsyncHttpClient-1-2] DEBUG org.asynchttpclient.netty.channel.ChannelManager - Adding key: http://localhost:28779 for channel [id: 0x5cb957a2, L:/127.0.0.1:57551 - R:localhost/127.0.0.1:28779]
16:16:31.427 [Forwarding findElement on session f8e942181474763cac0cc12dca0e61cd to remote] DEBUG org.asynchttpclient.netty.request.NettyRequestSender - Using pooled Channel '[id: 0x5cb957a2, L:/127.0.0.1:57551 - R:localhost/127.0.0.1:28779]' for 'POST' to 'http://localhost:28779/session/f8e942181474763cac0cc12dca0e61cd/element'
16:16:31.433 [Forwarding findElement on session f8e942181474763cac0cc12dca0e61cd to remote] DEBUG org.asynchttpclient.netty.request.NettyRequestSender - Using open Channel [id: 0x5cb957a2, L:/127.0.0.1:57551 - R:localhost/127.0.0.1:28779] for POST '/session/f8e942181474763cac0cc12dca0e61cd/element'
16:16:31.452 [AsyncHttpClient-1-2] DEBUG org.asynchttpclient.netty.handler.HttpHandler - 

Request DefaultHttpRequest(decodeResult: success, version: HTTP/1.1)
POST /session/f8e942181474763cac0cc12dca0e61cd/element HTTP/1.1
User-Agent: selenium/4.6.0 (java windows)
Content-Length: 58
Content-Type: application/json; charset=utf-8
host: localhost:28779
accept: */*

Response DefaultHttpResponse(decodeResult: success, version: HTTP/1.1)
HTTP/1.1 200 OK
Content-Type: application/json; charset=utf-8
cache-control: no-cache
content-length: 88

16:16:31.452 [AsyncHttpClient-1-2] DEBUG org.asynchttpclient.netty.channel.ChannelManager - Adding key: http://localhost:28779 for channel [id: 0x5cb957a2, L:/127.0.0.1:57551 - R:localhost/127.0.0.1:28779]
16:16:31.454 [Forwarding sendKeysToElement on session f8e942181474763cac0cc12dca0e61cd to remote] DEBUG org.asynchttpclient.netty.request.NettyRequestSender - Using pooled Channel '[id: 0x5cb957a2, L:/127.0.0.1:57551 - R:localhost/127.0.0.1:28779]' for 'POST' to 'http://localhost:28779/session/f8e942181474763cac0cc12dca0e61cd/element/0a5c8d7c-60d1-423d-8d8b-07ca8852a2bf/value'
16:16:31.460 [Forwarding sendKeysToElement on session f8e942181474763cac0cc12dca0e61cd to remote] DEBUG org.asynchttpclient.netty.request.NettyRequestSender - Using open Channel [id: 0x5cb957a2, L:/127.0.0.1:57551 - R:localhost/127.0.0.1:28779] for POST '/session/f8e942181474763cac0cc12dca0e61cd/element/0a5c8d7c-60d1-423d-8d8b-07ca8852a2bf/value'
16:16:31.657 [AsyncHttpClient-1-2] DEBUG org.asynchttpclient.netty.handler.HttpHandler - 

Request DefaultHttpRequest(decodeResult: success, version: HTTP/1.1)
POST /session/f8e942181474763cac0cc12dca0e61cd/element/0a5c8d7c-60d1-423d-8d8b-07ca8852a2bf/value HTTP/1.1
User-Agent: selenium/4.6.0 (java windows)
Content-Length: 321
Content-Type: application/json; charset=utf-8
host: localhost:28779
accept: */*

Response DefaultHttpResponse(decodeResult: success, version: HTTP/1.1)
HTTP/1.1 200 OK
Content-Type: application/json; charset=utf-8
cache-control: no-cache
content-length: 14

16:16:31.662 [AsyncHttpClient-1-2] DEBUG org.asynchttpclient.netty.channel.ChannelManager - Adding key: http://localhost:28779 for channel [id: 0x5cb957a2, L:/127.0.0.1:57551 - R:localhost/127.0.0.1:28779]
16:16:31.662 [Forwarding findElement on session f8e942181474763cac0cc12dca0e61cd to remote] DEBUG org.asynchttpclient.netty.request.NettyRequestSender - Using pooled Channel '[id: 0x5cb957a2, L:/127.0.0.1:57551 - R:localhost/127.0.0.1:28779]' for 'POST' to 'http://localhost:28779/session/f8e942181474763cac0cc12dca0e61cd/element'
16:16:31.662 [Forwarding findElement on session f8e942181474763cac0cc12dca0e61cd to remote] DEBUG org.asynchttpclient.netty.request.NettyRequestSender - Using open Channel [id: 0x5cb957a2, L:/127.0.0.1:57551 - R:localhost/127.0.0.1:28779] for POST '/session/f8e942181474763cac0cc12dca0e61cd/element'
16:16:31.689 [AsyncHttpClient-1-2] DEBUG org.asynchttpclient.netty.handler.HttpHandler - 

Request DefaultHttpRequest(decodeResult: success, version: HTTP/1.1)
POST /session/f8e942181474763cac0cc12dca0e61cd/element HTTP/1.1
User-Agent: selenium/4.6.0 (java windows)
Content-Length: 61
Content-Type: application/json; charset=utf-8
host: localhost:28779
accept: */*

Response DefaultHttpResponse(decodeResult: success, version: HTTP/1.1)
HTTP/1.1 200 OK
Content-Type: application/json; charset=utf-8
cache-control: no-cache
content-length: 88

16:16:31.689 [AsyncHttpClient-1-2] DEBUG org.asynchttpclient.netty.channel.ChannelManager - Adding key: http://localhost:28779 for channel [id: 0x5cb957a2, L:/127.0.0.1:57551 - R:localhost/127.0.0.1:28779]
16:16:31.694 [Forwarding sendKeysToElement on session f8e942181474763cac0cc12dca0e61cd to remote] DEBUG org.asynchttpclient.netty.request.NettyRequestSender - Using pooled Channel '[id: 0x5cb957a2, L:/127.0.0.1:57551 - R:localhost/127.0.0.1:28779]' for 'POST' to 'http://localhost:28779/session/f8e942181474763cac0cc12dca0e61cd/element/ceabc913-e951-404a-beaf-9e07010e9534/value'
16:16:31.694 [Forwarding sendKeysToElement on session f8e942181474763cac0cc12dca0e61cd to remote] DEBUG org.asynchttpclient.netty.request.NettyRequestSender - Using open Channel [id: 0x5cb957a2, L:/127.0.0.1:57551 - R:localhost/127.0.0.1:28779] for POST '/session/f8e942181474763cac0cc12dca0e61cd/element/ceabc913-e951-404a-beaf-9e07010e9534/value'
16:16:31.818 [AsyncHttpClient-1-2] DEBUG org.asynchttpclient.netty.handler.HttpHandler - 

Request DefaultHttpRequest(decodeResult: success, version: HTTP/1.1)
POST /session/f8e942181474763cac0cc12dca0e61cd/element/ceabc913-e951-404a-beaf-9e07010e9534/value HTTP/1.1
User-Agent: selenium/4.6.0 (java windows)
Content-Length: 121
Content-Type: application/json; charset=utf-8
host: localhost:28779
accept: */*

Response DefaultHttpResponse(decodeResult: success, version: HTTP/1.1)
HTTP/1.1 200 OK
Content-Type: application/json; charset=utf-8
cache-control: no-cache
content-length: 14

16:16:31.818 [AsyncHttpClient-1-2] DEBUG org.asynchttpclient.netty.channel.ChannelManager - Adding key: http://localhost:28779 for channel [id: 0x5cb957a2, L:/127.0.0.1:57551 - R:localhost/127.0.0.1:28779]
16:16:31.828 [Forwarding findElement on session f8e942181474763cac0cc12dca0e61cd to remote] DEBUG org.asynchttpclient.netty.request.NettyRequestSender - Using pooled Channel '[id: 0x5cb957a2, L:/127.0.0.1:57551 - R:localhost/127.0.0.1:28779]' for 'POST' to 'http://localhost:28779/session/f8e942181474763cac0cc12dca0e61cd/element'
16:16:31.828 [Forwarding findElement on session f8e942181474763cac0cc12dca0e61cd to remote] DEBUG org.asynchttpclient.netty.request.NettyRequestSender - Using open Channel [id: 0x5cb957a2, L:/127.0.0.1:57551 - R:localhost/127.0.0.1:28779] for POST '/session/f8e942181474763cac0cc12dca0e61cd/element'
16:16:31.861 [AsyncHttpClient-1-2] DEBUG org.asynchttpclient.netty.handler.HttpHandler - 

Request DefaultHttpRequest(decodeResult: success, version: HTTP/1.1)
POST /session/f8e942181474763cac0cc12dca0e61cd/element HTTP/1.1
User-Agent: selenium/4.6.0 (java windows)
Content-Length: 64
Content-Type: application/json; charset=utf-8
host: localhost:28779
accept: */*

Response DefaultHttpResponse(decodeResult: success, version: HTTP/1.1)
HTTP/1.1 200 OK
Content-Type: application/json; charset=utf-8
cache-control: no-cache
content-length: 88

16:16:31.862 [AsyncHttpClient-1-2] DEBUG org.asynchttpclient.netty.channel.ChannelManager - Adding key: http://localhost:28779 for channel [id: 0x5cb957a2, L:/127.0.0.1:57551 - R:localhost/127.0.0.1:28779]
16:16:31.862 [Forwarding clickElement on session f8e942181474763cac0cc12dca0e61cd to remote] DEBUG org.asynchttpclient.netty.request.NettyRequestSender - Using pooled Channel '[id: 0x5cb957a2, L:/127.0.0.1:57551 - R:localhost/127.0.0.1:28779]' for 'POST' to 'http://localhost:28779/session/f8e942181474763cac0cc12dca0e61cd/element/6b5e3251-e61c-41c5-b5dc-c18e0198dfe1/click'
16:16:31.862 [Forwarding clickElement on session f8e942181474763cac0cc12dca0e61cd to remote] DEBUG org.asynchttpclient.netty.request.NettyRequestSender - Using open Channel [id: 0x5cb957a2, L:/127.0.0.1:57551 - R:localhost/127.0.0.1:28779] for POST '/session/f8e942181474763cac0cc12dca0e61cd/element/6b5e3251-e61c-41c5-b5dc-c18e0198dfe1/click'
16:16:32.062 [AsyncHttpClient-1-1] DEBUG org.asynchttpclient.netty.channel.DefaultChannelPool - Entry count for : http://localhost:57552 : 1
16:16:32.846 [AsyncHttpClient-1-2] DEBUG org.asynchttpclient.netty.handler.HttpHandler - 

Request DefaultHttpRequest(decodeResult: success, version: HTTP/1.1)
POST /session/f8e942181474763cac0cc12dca0e61cd/element/6b5e3251-e61c-41c5-b5dc-c18e0198dfe1/click HTTP/1.1
User-Agent: selenium/4.6.0 (java windows)
Content-Length: 50
Content-Type: application/json; charset=utf-8
host: localhost:28779
accept: */*

Response DefaultHttpResponse(decodeResult: success, version: HTTP/1.1)
HTTP/1.1 200 OK
Content-Type: application/json; charset=utf-8
cache-control: no-cache
content-length: 14

16:16:32.846 [AsyncHttpClient-1-2] DEBUG org.asynchttpclient.netty.channel.ChannelManager - Adding key: http://localhost:28779 for channel [id: 0x5cb957a2, L:/127.0.0.1:57551 - R:localhost/127.0.0.1:28779]
16:16:32.854 [Forwarding findElement on session f8e942181474763cac0cc12dca0e61cd to remote] DEBUG org.asynchttpclient.netty.request.NettyRequestSender - Using pooled Channel '[id: 0x5cb957a2, L:/127.0.0.1:57551 - R:localhost/127.0.0.1:28779]' for 'POST' to 'http://localhost:28779/session/f8e942181474763cac0cc12dca0e61cd/element'
16:16:32.854 [Forwarding findElement on session f8e942181474763cac0cc12dca0e61cd to remote] DEBUG org.asynchttpclient.netty.request.NettyRequestSender - Using open Channel [id: 0x5cb957a2, L:/127.0.0.1:57551 - R:localhost/127.0.0.1:28779] for POST '/session/f8e942181474763cac0cc12dca0e61cd/element'
16:16:32.895 [AsyncHttpClient-1-2] DEBUG org.asynchttpclient.netty.handler.HttpHandler - 

Request DefaultHttpRequest(decodeResult: success, version: HTTP/1.1)
POST /session/f8e942181474763cac0cc12dca0e61cd/element HTTP/1.1
User-Agent: selenium/4.6.0 (java windows)
Content-Length: 70
Content-Type: application/json; charset=utf-8
host: localhost:28779
accept: */*

Response DefaultHttpResponse(decodeResult: success, version: HTTP/1.1)
HTTP/1.1 200 OK
Content-Type: application/json; charset=utf-8
cache-control: no-cache
content-length: 88

16:16:32.903 [AsyncHttpClient-1-2] DEBUG org.asynchttpclient.netty.channel.ChannelManager - Adding key: http://localhost:28779 for channel [id: 0x5cb957a2, L:/127.0.0.1:57551 - R:localhost/127.0.0.1:28779]
16:16:32.920 [Forwarding isElementDisplayed on session f8e942181474763cac0cc12dca0e61cd to remote] DEBUG org.asynchttpclient.netty.request.NettyRequestSender - Using pooled Channel '[id: 0x5cb957a2, L:/127.0.0.1:57551 - R:localhost/127.0.0.1:28779]' for 'POST' to 'http://localhost:28779/session/f8e942181474763cac0cc12dca0e61cd/execute/sync'
16:16:32.920 [Forwarding isElementDisplayed on session f8e942181474763cac0cc12dca0e61cd to remote] DEBUG org.asynchttpclient.netty.request.NettyRequestSender - Using open Channel [id: 0x5cb957a2, L:/127.0.0.1:57551 - R:localhost/127.0.0.1:28779] for POST '/session/f8e942181474763cac0cc12dca0e61cd/execute/sync'
16:16:32.947 [AsyncHttpClient-1-2] DEBUG org.asynchttpclient.netty.handler.HttpHandler - 

Request DefaultHttpRequest(decodeResult: success, version: HTTP/1.1)
POST /session/f8e942181474763cac0cc12dca0e61cd/execute/sync HTTP/1.1
User-Agent: selenium/4.6.0 (java windows)
Content-Length: 48780
Content-Type: application/json; charset=utf-8
host: localhost:28779
accept: */*

Response DefaultHttpResponse(decodeResult: success, version: HTTP/1.1)
HTTP/1.1 200 OK
Content-Type: application/json; charset=utf-8
cache-control: no-cache
content-length: 14

16:16:32.947 [AsyncHttpClient-1-2] DEBUG org.asynchttpclient.netty.channel.ChannelManager - Adding key: http://localhost:28779 for channel [id: 0x5cb957a2, L:/127.0.0.1:57551 - R:localhost/127.0.0.1:28779]
]]></system-out>
    <system-err><![CDATA[Starting ChromeDriver 107.0.5304.62 (1eec40d3a5764881c92085aaee66d25075c159aa-refs/branch-heads/5304@{#942}) on port 28779
Only local connections are allowed.
Please see https://chromedriver.chromium.org/security-considerations for suggestions on keeping ChromeDriver safe.
ChromeDriver was started successfully.
]]></system-err>
  </testcase>
  <testcase name="login[dummy@test.com, dummy, failure](2)" classname="tests.LoginTest" time="1.749">
    <system-out><![CDATA[16:16:32.956 [Forwarding close on session f8e942181474763cac0cc12dca0e61cd to remote] DEBUG org.asynchttpclient.netty.request.NettyRequestSender - Using pooled Channel '[id: 0x5cb957a2, L:/127.0.0.1:57551 - R:localhost/127.0.0.1:28779]' for 'DELETE' to 'http://localhost:28779/session/f8e942181474763cac0cc12dca0e61cd/window'
16:16:32.956 [Forwarding close on session f8e942181474763cac0cc12dca0e61cd to remote] DEBUG org.asynchttpclient.netty.request.NettyRequestSender - Using open Channel [id: 0x5cb957a2, L:/127.0.0.1:57551 - R:localhost/127.0.0.1:28779] for DELETE '/session/f8e942181474763cac0cc12dca0e61cd/window'
16:16:33.161 [AsyncHttpClient-1-1] DEBUG org.asynchttpclient.netty.channel.DefaultChannelPool - Entry count for : http://localhost:57552 : 1
16:16:33.259 [AsyncHttpClient-1-4] DEBUG org.asynchttpclient.netty.handler.WebSocketHandler - Unexpected I/O exception on channel [id: 0xdb1b2420, L:/127.0.0.1:57561 - R:localhost/127.0.0.1:57552]
java.io.IOException: An existing connection was forcibly closed by the remote host
	at java.base/sun.nio.ch.SocketDispatcher.read0(Native Method)
	at java.base/sun.nio.ch.SocketDispatcher.read(SocketDispatcher.java:43)
	at java.base/sun.nio.ch.IOUtil.readIntoNativeBuffer(IOUtil.java:276)
	at java.base/sun.nio.ch.IOUtil.read(IOUtil.java:233)
	at java.base/sun.nio.ch.IOUtil.read(IOUtil.java:223)
	at java.base/sun.nio.ch.SocketChannelImpl.read(SocketChannelImpl.java:358)
	at io.netty.buffer.PooledByteBuf.setBytes(PooledByteBuf.java:259)
	at io.netty.buffer.AbstractByteBuf.writeBytes(AbstractByteBuf.java:1132)
	at io.netty.channel.socket.nio.NioSocketChannel.doReadBytes(NioSocketChannel.java:357)
	at io.netty.channel.nio.AbstractNioByteChannel$NioByteUnsafe.read(AbstractNioByteChannel.java:151)
	at io.netty.channel.nio.NioEventLoop.processSelectedKey(NioEventLoop.java:788)
	at io.netty.channel.nio.NioEventLoop.processSelectedKeysOptimized(NioEventLoop.java:724)
	at io.netty.channel.nio.NioEventLoop.processSelectedKeys(NioEventLoop.java:650)
	at io.netty.channel.nio.NioEventLoop.run(NioEventLoop.java:562)
	at io.netty.util.concurrent.SingleThreadEventExecutor$4.run(SingleThreadEventExecutor.java:997)
	at io.netty.util.internal.ThreadExecutorMap$2.run(ThreadExecutorMap.java:74)
	at io.netty.util.concurrent.FastThreadLocalRunnable.run(FastThreadLocalRunnable.java:30)
	at java.base/java.lang.Thread.run(Thread.java:834)
16:16:33.259 [AsyncHttpClient-1-3] DEBUG org.asynchttpclient.netty.handler.HttpHandler - Unexpected I/O exception on channel [id: 0xcc24e8b5, L:/127.0.0.1:57560 - R:localhost/127.0.0.1:57552]
java.io.IOException: An existing connection was forcibly closed by the remote host
	at java.base/sun.nio.ch.SocketDispatcher.read0(Native Method)
	at java.base/sun.nio.ch.SocketDispatcher.read(SocketDispatcher.java:43)
	at java.base/sun.nio.ch.IOUtil.readIntoNativeBuffer(IOUtil.java:276)
	at java.base/sun.nio.ch.IOUtil.read(IOUtil.java:233)
	at java.base/sun.nio.ch.IOUtil.read(IOUtil.java:223)
	at java.base/sun.nio.ch.SocketChannelImpl.read(SocketChannelImpl.java:358)
	at io.netty.buffer.PooledByteBuf.setBytes(PooledByteBuf.java:259)
	at io.netty.buffer.AbstractByteBuf.writeBytes(AbstractByteBuf.java:1132)
	at io.netty.channel.socket.nio.NioSocketChannel.doReadBytes(NioSocketChannel.java:357)
	at io.netty.channel.nio.AbstractNioByteChannel$NioByteUnsafe.read(AbstractNioByteChannel.java:151)
	at io.netty.channel.nio.NioEventLoop.processSelectedKey(NioEventLoop.java:788)
	at io.netty.channel.nio.NioEventLoop.processSelectedKeysOptimized(NioEventLoop.java:724)
	at io.netty.channel.nio.NioEventLoop.processSelectedKeys(NioEventLoop.java:650)
	at io.netty.channel.nio.NioEventLoop.run(NioEventLoop.java:562)
	at io.netty.util.concurrent.SingleThreadEventExecutor$4.run(SingleThreadEventExecutor.java:997)
	at io.netty.util.internal.ThreadExecutorMap$2.run(ThreadExecutorMap.java:74)
	at io.netty.util.concurrent.FastThreadLocalRunnable.run(FastThreadLocalRunnable.java:30)
	at java.base/java.lang.Thread.run(Thread.java:834)
16:16:33.261 [AsyncHttpClient-1-3] DEBUG org.asynchttpclient.netty.channel.ChannelManager - Closing Channel [id: 0xcc24e8b5, L:/127.0.0.1:57560 - R:localhost/127.0.0.1:57552] 
16:16:33.262 [AsyncHttpClient-1-4] DEBUG org.asynchttpclient.netty.handler.WebSocketHandler - Trying to recover from dead Channel: [id: 0xdb1b2420, L:/127.0.0.1:57561 - R:localhost/127.0.0.1:57552]
16:16:33.264 [AsyncHttpClient-1-4] DEBUG org.asynchttpclient.netty.handler.WebSocketHandler - Channel Closed: [id: 0xdb1b2420, L:/127.0.0.1:57561 ! R:localhost/127.0.0.1:57552] with attribute NettyResponseFuture{currentRetry=0,
	isDone=1,
	isCancelled=0,
	asyncHandler=org.asynchttpclient.ws.WebSocketUpgradeHandler@26f33e5f,
	nettyRequest=org.asynchttpclient.netty.request.NettyRequest@64866c6d,
	future=java.util.concurrent.CompletableFuture@64eb2986[Completed normally],
	uri=ws://localhost:57552/devtools/browser/4dba98cf-9b21-4b96-afb9-3bae7145bf7a,
	keepAlive=true,
	redirectCount=0,
	timeoutsHolder=null,
	inAuth=0,
	touch=1667942193261}
16:16:33.265 [AsyncHttpClient-1-4] DEBUG org.asynchttpclient.netty.channel.ChannelManager - Closing Channel [id: 0xdb1b2420, L:/127.0.0.1:57561 ! R:localhost/127.0.0.1:57552] 
16:16:33.266 [AsyncHttpClient-1-3] DEBUG org.asynchttpclient.netty.handler.HttpHandler - Channel Closed: [id: 0xcc24e8b5, L:/127.0.0.1:57560 ! R:localhost/127.0.0.1:57552] with attribute DISCARD
16:16:33.281 [AsyncHttpClient-1-2] DEBUG org.asynchttpclient.netty.handler.HttpHandler - 

Request DefaultFullHttpRequest(decodeResult: success, version: HTTP/1.1, content: EmptyByteBufBE)
DELETE /session/f8e942181474763cac0cc12dca0e61cd/window HTTP/1.1
User-Agent: selenium/4.6.0 (java windows)
Content-Type: application/json; charset=utf-8
host: localhost:28779
accept: */*

Response DefaultHttpResponse(decodeResult: success, version: HTTP/1.1)
HTTP/1.1 200 OK
Content-Type: application/json; charset=utf-8
cache-control: no-cache
content-length: 12

16:16:33.283 [AsyncHttpClient-1-2] DEBUG org.asynchttpclient.netty.channel.ChannelManager - Adding key: http://localhost:28779 for channel [id: 0x5cb957a2, L:/127.0.0.1:57551 - R:localhost/127.0.0.1:28779]
16:16:33.326 [main] DEBUG io.github.bonigarcia.wdm.cache.ResolutionCache - Resolution chrome=107 in cache (valid until 16:45:57 08/11/2022 EST)
16:16:33.328 [main] DEBUG io.github.bonigarcia.wdm.cache.ResolutionCache - Resolution chrome107=107.0.5304.62 in cache (valid until 09:11:23 09/11/2022 EST)
16:16:33.331 [main] INFO io.github.bonigarcia.wdm.WebDriverManager - Using chromedriver 107.0.5304.62 (resolved driver for Chrome 107)
16:16:33.353 [main] DEBUG io.github.bonigarcia.wdm.WebDriverManager - Driver chromedriver 107.0.5304.62 found in cache
16:16:33.358 [main] INFO io.github.bonigarcia.wdm.WebDriverManager - Exporting webdriver.chrome.driver as C:\Users\anuai\.cache\selenium\chromedriver\win32\107.0.5304.62\chromedriver.exe
16:16:33.929 [AsyncHttpClient-1-5] DEBUG org.asynchttpclient.netty.channel.NettyConnectListener - Using new Channel '[id: 0x0a9aeded, L:/127.0.0.1:57581 - R:localhost/127.0.0.1:9534]' for 'POST' to '/session'
16:16:34.262 [AsyncHttpClient-1-1] DEBUG org.asynchttpclient.netty.channel.DefaultChannelPool - Entry count for : http://localhost:28779 : 1
16:16:34.262 [AsyncHttpClient-1-1] DEBUG org.asynchttpclient.netty.channel.DefaultChannelPool - Entry count for : http://localhost:57552 : 1
16:16:34.262 [AsyncHttpClient-1-1] DEBUG org.asynchttpclient.netty.channel.DefaultChannelPool - Adding Candidate expired Channel [id: 0xcc24e8b5, L:/127.0.0.1:57560 ! R:localhost/127.0.0.1:57552] isIdleTimeoutExpired=false isRemotelyClosed=true isTtlExpired=false
16:16:34.262 [AsyncHttpClient-1-1] DEBUG org.asynchttpclient.netty.channel.DefaultChannelPool - Closing Idle Channel [id: 0xcc24e8b5, L:/127.0.0.1:57560 ! R:localhost/127.0.0.1:57552]
16:16:34.262 [AsyncHttpClient-1-1] DEBUG org.asynchttpclient.netty.channel.DefaultChannelPool - Closed 1 connections out of 2 in 0 ms
16:16:35.149 [AsyncHttpClient-1-5] DEBUG org.asynchttpclient.netty.handler.HttpHandler - 

Request DefaultHttpRequest(decodeResult: success, version: HTTP/1.1)
POST /session HTTP/1.1
User-Agent: selenium/4.6.0 (java windows)
Content-Length: 365
Content-Type: application/json; charset=utf-8
host: localhost:9534
accept: */*

Response DefaultHttpResponse(decodeResult: success, version: HTTP/1.1)
HTTP/1.1 200 OK
Content-Type: application/json; charset=utf-8
cache-control: no-cache
content-length: 789

16:16:35.149 [AsyncHttpClient-1-5] DEBUG org.asynchttpclient.netty.channel.ChannelManager - Adding key: http://localhost:9534 for channel [id: 0x0a9aeded, L:/127.0.0.1:57581 - R:localhost/127.0.0.1:9534]
16:16:35.203 [AsyncHttpClient-1-6] DEBUG org.asynchttpclient.netty.channel.NettyConnectListener - Using new Channel '[id: 0x2f181cd4, L:/127.0.0.1:57590 - R:localhost/127.0.0.1:57583]' for 'GET' to '/json/version'
16:16:35.209 [AsyncHttpClient-1-6] DEBUG org.asynchttpclient.netty.handler.HttpHandler - 

Request DefaultFullHttpRequest(decodeResult: success, version: HTTP/1.1, content: EmptyByteBufBE)
GET /json/version HTTP/1.1
User-Agent: selenium/4.6.0 (java windows)
host: localhost:57583
accept: */*

Response DefaultHttpResponse(decodeResult: success, version: HTTP/1.1)
HTTP/1.1 200 OK
Content-Type: application/json; charset=UTF-8
content-length: 423

16:16:35.209 [AsyncHttpClient-1-6] DEBUG org.asynchttpclient.netty.channel.ChannelManager - Adding key: http://localhost:57583 for channel [id: 0x2f181cd4, L:/127.0.0.1:57590 - R:localhost/127.0.0.1:57583]
16:16:35.223 [AsyncHttpClient-1-7] DEBUG org.asynchttpclient.netty.channel.NettyConnectListener - Using new Channel '[id: 0x508985af, L:/127.0.0.1:57591 - R:localhost/127.0.0.1:57583]' for 'GET' to '/devtools/browser/1676d95e-e2cd-42fd-bd0c-ca2cbfc6ce9e'
16:16:35.230 [AsyncHttpClient-1-7] DEBUG org.asynchttpclient.netty.handler.WebSocketHandler - 

Request DefaultFullHttpRequest(decodeResult: success, version: HTTP/1.1, content: EmptyByteBufBE)
GET /devtools/browser/1676d95e-e2cd-42fd-bd0c-ca2cbfc6ce9e HTTP/1.1
upgrade: websocket
connection: upgrade
sec-websocket-key: HX/bCQDLvWbQARneKhF46g==
sec-websocket-version: 13
origin: http://localhost:57583
host: localhost:57583
accept: */*
user-agent: AHC/2.1

Response DefaultHttpResponse(decodeResult: success, version: HTTP/1.1)
HTTP/1.1 101 WebSocket Protocol Handshake
Upgrade: WebSocket
Connection: Upgrade
Sec-WebSocket-Accept: eAkovSlQ6ey12efTXtwgSR9SKD8=

16:16:35.247 [Forwarding maximizeCurrentWindow on session 05ec29194e2c90f2a59f06440bca99a1 to remote] DEBUG org.asynchttpclient.netty.request.NettyRequestSender - Using pooled Channel '[id: 0x0a9aeded, L:/127.0.0.1:57581 - R:localhost/127.0.0.1:9534]' for 'POST' to 'http://localhost:9534/session/05ec29194e2c90f2a59f06440bca99a1/window/maximize'
16:16:35.247 [Forwarding maximizeCurrentWindow on session 05ec29194e2c90f2a59f06440bca99a1 to remote] DEBUG org.asynchttpclient.netty.request.NettyRequestSender - Using open Channel [id: 0x0a9aeded, L:/127.0.0.1:57581 - R:localhost/127.0.0.1:9534] for POST '/session/05ec29194e2c90f2a59f06440bca99a1/window/maximize'
16:16:35.362 [AsyncHttpClient-1-1] DEBUG org.asynchttpclient.netty.channel.DefaultChannelPool - Entry count for : http://localhost:28779 : 1
16:16:35.363 [AsyncHttpClient-1-1] DEBUG org.asynchttpclient.netty.channel.DefaultChannelPool - Entry count for : http://localhost:57583 : 1
16:16:35.398 [AsyncHttpClient-1-5] DEBUG org.asynchttpclient.netty.handler.HttpHandler - 

Request DefaultHttpRequest(decodeResult: success, version: HTTP/1.1)
POST /session/05ec29194e2c90f2a59f06440bca99a1/window/maximize HTTP/1.1
User-Agent: selenium/4.6.0 (java windows)
Content-Length: 3
Content-Type: application/json; charset=utf-8
host: localhost:9534
accept: */*

Response DefaultHttpResponse(decodeResult: success, version: HTTP/1.1)
HTTP/1.1 200 OK
Content-Type: application/json; charset=utf-8
cache-control: no-cache
content-length: 51

16:16:35.398 [AsyncHttpClient-1-5] DEBUG org.asynchttpclient.netty.channel.ChannelManager - Adding key: http://localhost:9534 for channel [id: 0x0a9aeded, L:/127.0.0.1:57581 - R:localhost/127.0.0.1:9534]
16:16:35.401 [Forwarding get on session 05ec29194e2c90f2a59f06440bca99a1 to remote] DEBUG org.asynchttpclient.netty.request.NettyRequestSender - Using pooled Channel '[id: 0x0a9aeded, L:/127.0.0.1:57581 - R:localhost/127.0.0.1:9534]' for 'POST' to 'http://localhost:9534/session/05ec29194e2c90f2a59f06440bca99a1/url'
16:16:35.401 [Forwarding get on session 05ec29194e2c90f2a59f06440bca99a1 to remote] DEBUG org.asynchttpclient.netty.request.NettyRequestSender - Using open Channel [id: 0x0a9aeded, L:/127.0.0.1:57581 - R:localhost/127.0.0.1:9534] for POST '/session/05ec29194e2c90f2a59f06440bca99a1/url'
16:16:36.462 [AsyncHttpClient-1-1] DEBUG org.asynchttpclient.netty.channel.DefaultChannelPool - Entry count for : http://localhost:28779 : 1
16:16:36.462 [AsyncHttpClient-1-1] DEBUG org.asynchttpclient.netty.channel.DefaultChannelPool - Entry count for : http://localhost:57583 : 1
16:16:37.577 [AsyncHttpClient-1-1] DEBUG org.asynchttpclient.netty.channel.DefaultChannelPool - Entry count for : http://localhost:28779 : 1
16:16:37.577 [AsyncHttpClient-1-1] DEBUG org.asynchttpclient.netty.channel.DefaultChannelPool - Entry count for : http://localhost:57583 : 1
16:16:38.376 [AsyncHttpClient-1-5] DEBUG org.asynchttpclient.netty.handler.HttpHandler - 

Request DefaultHttpRequest(decodeResult: success, version: HTTP/1.1)
POST /session/05ec29194e2c90f2a59f06440bca99a1/url HTTP/1.1
User-Agent: selenium/4.6.0 (java windows)
Content-Length: 66
Content-Type: application/json; charset=utf-8
host: localhost:9534
accept: */*

Response DefaultHttpResponse(decodeResult: success, version: HTTP/1.1)
HTTP/1.1 200 OK
Content-Type: application/json; charset=utf-8
cache-control: no-cache
content-length: 14

16:16:38.376 [AsyncHttpClient-1-5] DEBUG org.asynchttpclient.netty.channel.ChannelManager - Adding key: http://localhost:9534 for channel [id: 0x0a9aeded, L:/127.0.0.1:57581 - R:localhost/127.0.0.1:9534]
16:16:38.377 [Forwarding findElement on session 05ec29194e2c90f2a59f06440bca99a1 to remote] DEBUG org.asynchttpclient.netty.request.NettyRequestSender - Using pooled Channel '[id: 0x0a9aeded, L:/127.0.0.1:57581 - R:localhost/127.0.0.1:9534]' for 'POST' to 'http://localhost:9534/session/05ec29194e2c90f2a59f06440bca99a1/element'
16:16:38.377 [Forwarding findElement on session 05ec29194e2c90f2a59f06440bca99a1 to remote] DEBUG org.asynchttpclient.netty.request.NettyRequestSender - Using open Channel [id: 0x0a9aeded, L:/127.0.0.1:57581 - R:localhost/127.0.0.1:9534] for POST '/session/05ec29194e2c90f2a59f06440bca99a1/element'
16:16:38.409 [AsyncHttpClient-1-5] DEBUG org.asynchttpclient.netty.handler.HttpHandler - 

Request DefaultHttpRequest(decodeResult: success, version: HTTP/1.1)
POST /session/05ec29194e2c90f2a59f06440bca99a1/element HTTP/1.1
User-Agent: selenium/4.6.0 (java windows)
Content-Length: 71
Content-Type: application/json; charset=utf-8
host: localhost:9534
accept: */*

Response DefaultHttpResponse(decodeResult: success, version: HTTP/1.1)
HTTP/1.1 200 OK
Content-Type: application/json; charset=utf-8
cache-control: no-cache
content-length: 88

16:16:38.409 [AsyncHttpClient-1-5] DEBUG org.asynchttpclient.netty.channel.ChannelManager - Adding key: http://localhost:9534 for channel [id: 0x0a9aeded, L:/127.0.0.1:57581 - R:localhost/127.0.0.1:9534]
16:16:38.418 [Forwarding clickElement on session 05ec29194e2c90f2a59f06440bca99a1 to remote] DEBUG org.asynchttpclient.netty.request.NettyRequestSender - Using pooled Channel '[id: 0x0a9aeded, L:/127.0.0.1:57581 - R:localhost/127.0.0.1:9534]' for 'POST' to 'http://localhost:9534/session/05ec29194e2c90f2a59f06440bca99a1/element/975847ba-8404-4e4e-ba29-ac5d1f69e3d4/click'
16:16:38.418 [Forwarding clickElement on session 05ec29194e2c90f2a59f06440bca99a1 to remote] DEBUG org.asynchttpclient.netty.request.NettyRequestSender - Using open Channel [id: 0x0a9aeded, L:/127.0.0.1:57581 - R:localhost/127.0.0.1:9534] for POST '/session/05ec29194e2c90f2a59f06440bca99a1/element/975847ba-8404-4e4e-ba29-ac5d1f69e3d4/click'
16:16:38.499 [AsyncHttpClient-1-5] DEBUG org.asynchttpclient.netty.handler.HttpHandler - 

Request DefaultHttpRequest(decodeResult: success, version: HTTP/1.1)
POST /session/05ec29194e2c90f2a59f06440bca99a1/element/975847ba-8404-4e4e-ba29-ac5d1f69e3d4/click HTTP/1.1
User-Agent: selenium/4.6.0 (java windows)
Content-Length: 50
Content-Type: application/json; charset=utf-8
host: localhost:9534
accept: */*

Response DefaultHttpResponse(decodeResult: success, version: HTTP/1.1)
HTTP/1.1 200 OK
Content-Type: application/json; charset=utf-8
cache-control: no-cache
content-length: 14

16:16:38.499 [AsyncHttpClient-1-5] DEBUG org.asynchttpclient.netty.channel.ChannelManager - Adding key: http://localhost:9534 for channel [id: 0x0a9aeded, L:/127.0.0.1:57581 - R:localhost/127.0.0.1:9534]
16:16:38.499 [Forwarding findElement on session 05ec29194e2c90f2a59f06440bca99a1 to remote] DEBUG org.asynchttpclient.netty.request.NettyRequestSender - Using pooled Channel '[id: 0x0a9aeded, L:/127.0.0.1:57581 - R:localhost/127.0.0.1:9534]' for 'POST' to 'http://localhost:9534/session/05ec29194e2c90f2a59f06440bca99a1/element'
16:16:38.499 [Forwarding findElement on session 05ec29194e2c90f2a59f06440bca99a1 to remote] DEBUG org.asynchttpclient.netty.request.NettyRequestSender - Using open Channel [id: 0x0a9aeded, L:/127.0.0.1:57581 - R:localhost/127.0.0.1:9534] for POST '/session/05ec29194e2c90f2a59f06440bca99a1/element'
16:16:38.539 [AsyncHttpClient-1-5] DEBUG org.asynchttpclient.netty.handler.HttpHandler - 

Request DefaultHttpRequest(decodeResult: success, version: HTTP/1.1)
POST /session/05ec29194e2c90f2a59f06440bca99a1/element HTTP/1.1
User-Agent: selenium/4.6.0 (java windows)
Content-Length: 46
Content-Type: application/json; charset=utf-8
host: localhost:9534
accept: */*

Response DefaultHttpResponse(decodeResult: success, version: HTTP/1.1)
HTTP/1.1 200 OK
Content-Type: application/json; charset=utf-8
cache-control: no-cache
content-length: 88

16:16:38.539 [AsyncHttpClient-1-5] DEBUG org.asynchttpclient.netty.channel.ChannelManager - Adding key: http://localhost:9534 for channel [id: 0x0a9aeded, L:/127.0.0.1:57581 - R:localhost/127.0.0.1:9534]
16:16:38.547 [Forwarding clickElement on session 05ec29194e2c90f2a59f06440bca99a1 to remote] DEBUG org.asynchttpclient.netty.request.NettyRequestSender - Using pooled Channel '[id: 0x0a9aeded, L:/127.0.0.1:57581 - R:localhost/127.0.0.1:9534]' for 'POST' to 'http://localhost:9534/session/05ec29194e2c90f2a59f06440bca99a1/element/c527ef48-6e35-4fd4-aeac-5bc0323e68d3/click'
16:16:38.547 [Forwarding clickElement on session 05ec29194e2c90f2a59f06440bca99a1 to remote] DEBUG org.asynchttpclient.netty.request.NettyRequestSender - Using open Channel [id: 0x0a9aeded, L:/127.0.0.1:57581 - R:localhost/127.0.0.1:9534] for POST '/session/05ec29194e2c90f2a59f06440bca99a1/element/c527ef48-6e35-4fd4-aeac-5bc0323e68d3/click'
16:16:38.665 [AsyncHttpClient-1-1] DEBUG org.asynchttpclient.netty.channel.DefaultChannelPool - Entry count for : http://localhost:28779 : 1
16:16:38.665 [AsyncHttpClient-1-1] DEBUG org.asynchttpclient.netty.channel.DefaultChannelPool - Entry count for : http://localhost:57583 : 1
16:16:39.081 [AsyncHttpClient-1-5] DEBUG org.asynchttpclient.netty.handler.HttpHandler - 

Request DefaultHttpRequest(decodeResult: success, version: HTTP/1.1)
POST /session/05ec29194e2c90f2a59f06440bca99a1/element/c527ef48-6e35-4fd4-aeac-5bc0323e68d3/click HTTP/1.1
User-Agent: selenium/4.6.0 (java windows)
Content-Length: 50
Content-Type: application/json; charset=utf-8
host: localhost:9534
accept: */*

Response DefaultHttpResponse(decodeResult: success, version: HTTP/1.1)
HTTP/1.1 200 OK
Content-Type: application/json; charset=utf-8
cache-control: no-cache
content-length: 14

16:16:39.081 [AsyncHttpClient-1-5] DEBUG org.asynchttpclient.netty.channel.ChannelManager - Adding key: http://localhost:9534 for channel [id: 0x0a9aeded, L:/127.0.0.1:57581 - R:localhost/127.0.0.1:9534]
16:16:39.085 [Forwarding findElement on session 05ec29194e2c90f2a59f06440bca99a1 to remote] DEBUG org.asynchttpclient.netty.request.NettyRequestSender - Using pooled Channel '[id: 0x0a9aeded, L:/127.0.0.1:57581 - R:localhost/127.0.0.1:9534]' for 'POST' to 'http://localhost:9534/session/05ec29194e2c90f2a59f06440bca99a1/element'
16:16:39.085 [Forwarding findElement on session 05ec29194e2c90f2a59f06440bca99a1 to remote] DEBUG org.asynchttpclient.netty.request.NettyRequestSender - Using open Channel [id: 0x0a9aeded, L:/127.0.0.1:57581 - R:localhost/127.0.0.1:9534] for POST '/session/05ec29194e2c90f2a59f06440bca99a1/element'
16:16:39.102 [AsyncHttpClient-1-5] DEBUG org.asynchttpclient.netty.handler.HttpHandler - 

Request DefaultHttpRequest(decodeResult: success, version: HTTP/1.1)
POST /session/05ec29194e2c90f2a59f06440bca99a1/element HTTP/1.1
User-Agent: selenium/4.6.0 (java windows)
Content-Length: 58
Content-Type: application/json; charset=utf-8
host: localhost:9534
accept: */*

Response DefaultHttpResponse(decodeResult: success, version: HTTP/1.1)
HTTP/1.1 200 OK
Content-Type: application/json; charset=utf-8
cache-control: no-cache
content-length: 88

16:16:39.102 [AsyncHttpClient-1-5] DEBUG org.asynchttpclient.netty.channel.ChannelManager - Adding key: http://localhost:9534 for channel [id: 0x0a9aeded, L:/127.0.0.1:57581 - R:localhost/127.0.0.1:9534]
16:16:39.113 [Forwarding sendKeysToElement on session 05ec29194e2c90f2a59f06440bca99a1 to remote] DEBUG org.asynchttpclient.netty.request.NettyRequestSender - Using pooled Channel '[id: 0x0a9aeded, L:/127.0.0.1:57581 - R:localhost/127.0.0.1:9534]' for 'POST' to 'http://localhost:9534/session/05ec29194e2c90f2a59f06440bca99a1/element/4204aafd-5631-4b21-a1c1-3ac27ab4282c/value'
16:16:39.113 [Forwarding sendKeysToElement on session 05ec29194e2c90f2a59f06440bca99a1 to remote] DEBUG org.asynchttpclient.netty.request.NettyRequestSender - Using open Channel [id: 0x0a9aeded, L:/127.0.0.1:57581 - R:localhost/127.0.0.1:9534] for POST '/session/05ec29194e2c90f2a59f06440bca99a1/element/4204aafd-5631-4b21-a1c1-3ac27ab4282c/value'
16:16:39.262 [AsyncHttpClient-1-5] DEBUG org.asynchttpclient.netty.handler.HttpHandler - 

Request DefaultHttpRequest(decodeResult: success, version: HTTP/1.1)
POST /session/05ec29194e2c90f2a59f06440bca99a1/element/4204aafd-5631-4b21-a1c1-3ac27ab4282c/value HTTP/1.1
User-Agent: selenium/4.6.0 (java windows)
Content-Length: 221
Content-Type: application/json; charset=utf-8
host: localhost:9534
accept: */*

Response DefaultHttpResponse(decodeResult: success, version: HTTP/1.1)
HTTP/1.1 200 OK
Content-Type: application/json; charset=utf-8
cache-control: no-cache
content-length: 14

16:16:39.262 [AsyncHttpClient-1-5] DEBUG org.asynchttpclient.netty.channel.ChannelManager - Adding key: http://localhost:9534 for channel [id: 0x0a9aeded, L:/127.0.0.1:57581 - R:localhost/127.0.0.1:9534]
16:16:39.264 [Forwarding findElement on session 05ec29194e2c90f2a59f06440bca99a1 to remote] DEBUG org.asynchttpclient.netty.request.NettyRequestSender - Using pooled Channel '[id: 0x0a9aeded, L:/127.0.0.1:57581 - R:localhost/127.0.0.1:9534]' for 'POST' to 'http://localhost:9534/session/05ec29194e2c90f2a59f06440bca99a1/element'
16:16:39.264 [Forwarding findElement on session 05ec29194e2c90f2a59f06440bca99a1 to remote] DEBUG org.asynchttpclient.netty.request.NettyRequestSender - Using open Channel [id: 0x0a9aeded, L:/127.0.0.1:57581 - R:localhost/127.0.0.1:9534] for POST '/session/05ec29194e2c90f2a59f06440bca99a1/element'
16:16:39.296 [AsyncHttpClient-1-5] DEBUG org.asynchttpclient.netty.handler.HttpHandler - 

Request DefaultHttpRequest(decodeResult: success, version: HTTP/1.1)
POST /session/05ec29194e2c90f2a59f06440bca99a1/element HTTP/1.1
User-Agent: selenium/4.6.0 (java windows)
Content-Length: 61
Content-Type: application/json; charset=utf-8
host: localhost:9534
accept: */*

Response DefaultHttpResponse(decodeResult: success, version: HTTP/1.1)
HTTP/1.1 200 OK
Content-Type: application/json; charset=utf-8
cache-control: no-cache
content-length: 88

16:16:39.296 [AsyncHttpClient-1-5] DEBUG org.asynchttpclient.netty.channel.ChannelManager - Adding key: http://localhost:9534 for channel [id: 0x0a9aeded, L:/127.0.0.1:57581 - R:localhost/127.0.0.1:9534]
16:16:39.300 [Forwarding sendKeysToElement on session 05ec29194e2c90f2a59f06440bca99a1 to remote] DEBUG org.asynchttpclient.netty.request.NettyRequestSender - Using pooled Channel '[id: 0x0a9aeded, L:/127.0.0.1:57581 - R:localhost/127.0.0.1:9534]' for 'POST' to 'http://localhost:9534/session/05ec29194e2c90f2a59f06440bca99a1/element/c6adf986-4670-4f54-9ed0-c12d8c3cb8e3/value'
16:16:39.300 [Forwarding sendKeysToElement on session 05ec29194e2c90f2a59f06440bca99a1 to remote] DEBUG org.asynchttpclient.netty.request.NettyRequestSender - Using open Channel [id: 0x0a9aeded, L:/127.0.0.1:57581 - R:localhost/127.0.0.1:9534] for POST '/session/05ec29194e2c90f2a59f06440bca99a1/element/c6adf986-4670-4f54-9ed0-c12d8c3cb8e3/value'
16:16:39.478 [AsyncHttpClient-1-5] DEBUG org.asynchttpclient.netty.handler.HttpHandler - 

Request DefaultHttpRequest(decodeResult: success, version: HTTP/1.1)
POST /session/05ec29194e2c90f2a59f06440bca99a1/element/c6adf986-4670-4f54-9ed0-c12d8c3cb8e3/value HTTP/1.1
User-Agent: selenium/4.6.0 (java windows)
Content-Length: 131
Content-Type: application/json; charset=utf-8
host: localhost:9534
accept: */*

Response DefaultHttpResponse(decodeResult: success, version: HTTP/1.1)
HTTP/1.1 200 OK
Content-Type: application/json; charset=utf-8
cache-control: no-cache
content-length: 14

16:16:39.478 [AsyncHttpClient-1-5] DEBUG org.asynchttpclient.netty.channel.ChannelManager - Adding key: http://localhost:9534 for channel [id: 0x0a9aeded, L:/127.0.0.1:57581 - R:localhost/127.0.0.1:9534]
16:16:39.486 [Forwarding findElement on session 05ec29194e2c90f2a59f06440bca99a1 to remote] DEBUG org.asynchttpclient.netty.request.NettyRequestSender - Using pooled Channel '[id: 0x0a9aeded, L:/127.0.0.1:57581 - R:localhost/127.0.0.1:9534]' for 'POST' to 'http://localhost:9534/session/05ec29194e2c90f2a59f06440bca99a1/element'
16:16:39.486 [Forwarding findElement on session 05ec29194e2c90f2a59f06440bca99a1 to remote] DEBUG org.asynchttpclient.netty.request.NettyRequestSender - Using open Channel [id: 0x0a9aeded, L:/127.0.0.1:57581 - R:localhost/127.0.0.1:9534] for POST '/session/05ec29194e2c90f2a59f06440bca99a1/element'
16:16:39.503 [AsyncHttpClient-1-5] DEBUG org.asynchttpclient.netty.handler.HttpHandler - 

Request DefaultHttpRequest(decodeResult: success, version: HTTP/1.1)
POST /session/05ec29194e2c90f2a59f06440bca99a1/element HTTP/1.1
User-Agent: selenium/4.6.0 (java windows)
Content-Length: 64
Content-Type: application/json; charset=utf-8
host: localhost:9534
accept: */*

Response DefaultHttpResponse(decodeResult: success, version: HTTP/1.1)
HTTP/1.1 200 OK
Content-Type: application/json; charset=utf-8
cache-control: no-cache
content-length: 88

16:16:39.503 [AsyncHttpClient-1-5] DEBUG org.asynchttpclient.netty.channel.ChannelManager - Adding key: http://localhost:9534 for channel [id: 0x0a9aeded, L:/127.0.0.1:57581 - R:localhost/127.0.0.1:9534]
16:16:39.511 [Forwarding clickElement on session 05ec29194e2c90f2a59f06440bca99a1 to remote] DEBUG org.asynchttpclient.netty.request.NettyRequestSender - Using pooled Channel '[id: 0x0a9aeded, L:/127.0.0.1:57581 - R:localhost/127.0.0.1:9534]' for 'POST' to 'http://localhost:9534/session/05ec29194e2c90f2a59f06440bca99a1/element/813346a3-e66f-4fc1-ad31-64ccc4a81962/click'
16:16:39.511 [Forwarding clickElement on session 05ec29194e2c90f2a59f06440bca99a1 to remote] DEBUG org.asynchttpclient.netty.request.NettyRequestSender - Using open Channel [id: 0x0a9aeded, L:/127.0.0.1:57581 - R:localhost/127.0.0.1:9534] for POST '/session/05ec29194e2c90f2a59f06440bca99a1/element/813346a3-e66f-4fc1-ad31-64ccc4a81962/click'
16:16:39.761 [AsyncHttpClient-1-1] DEBUG org.asynchttpclient.netty.channel.DefaultChannelPool - Entry count for : http://localhost:28779 : 1
16:16:39.761 [AsyncHttpClient-1-1] DEBUG org.asynchttpclient.netty.channel.DefaultChannelPool - Entry count for : http://localhost:57583 : 1
16:16:40.078 [AsyncHttpClient-1-5] DEBUG org.asynchttpclient.netty.handler.HttpHandler - 

Request DefaultHttpRequest(decodeResult: success, version: HTTP/1.1)
POST /session/05ec29194e2c90f2a59f06440bca99a1/element/813346a3-e66f-4fc1-ad31-64ccc4a81962/click HTTP/1.1
User-Agent: selenium/4.6.0 (java windows)
Content-Length: 50
Content-Type: application/json; charset=utf-8
host: localhost:9534
accept: */*

Response DefaultHttpResponse(decodeResult: success, version: HTTP/1.1)
HTTP/1.1 200 OK
Content-Type: application/json; charset=utf-8
cache-control: no-cache
content-length: 14

16:16:40.078 [AsyncHttpClient-1-5] DEBUG org.asynchttpclient.netty.channel.ChannelManager - Adding key: http://localhost:9534 for channel [id: 0x0a9aeded, L:/127.0.0.1:57581 - R:localhost/127.0.0.1:9534]
16:16:40.084 [Forwarding findElement on session 05ec29194e2c90f2a59f06440bca99a1 to remote] DEBUG org.asynchttpclient.netty.request.NettyRequestSender - Using pooled Channel '[id: 0x0a9aeded, L:/127.0.0.1:57581 - R:localhost/127.0.0.1:9534]' for 'POST' to 'http://localhost:9534/session/05ec29194e2c90f2a59f06440bca99a1/element'
16:16:40.084 [Forwarding findElement on session 05ec29194e2c90f2a59f06440bca99a1 to remote] DEBUG org.asynchttpclient.netty.request.NettyRequestSender - Using open Channel [id: 0x0a9aeded, L:/127.0.0.1:57581 - R:localhost/127.0.0.1:9534] for POST '/session/05ec29194e2c90f2a59f06440bca99a1/element'
16:16:40.127 [AsyncHttpClient-1-5] DEBUG org.asynchttpclient.netty.handler.HttpHandler - 

Request DefaultHttpRequest(decodeResult: success, version: HTTP/1.1)
POST /session/05ec29194e2c90f2a59f06440bca99a1/element HTTP/1.1
User-Agent: selenium/4.6.0 (java windows)
Content-Length: 70
Content-Type: application/json; charset=utf-8
host: localhost:9534
accept: */*

Response DefaultHttpResponse(decodeResult: success, version: HTTP/1.1)
HTTP/1.1 404 Not Found
Content-Type: application/json; charset=utf-8
cache-control: no-cache
content-length: 1006

16:16:40.127 [AsyncHttpClient-1-5] DEBUG org.asynchttpclient.netty.channel.ChannelManager - Adding key: http://localhost:9534 for channel [id: 0x0a9aeded, L:/127.0.0.1:57581 - R:localhost/127.0.0.1:9534]
]]></system-out>
    <system-err><![CDATA[Starting ChromeDriver 107.0.5304.62 (1eec40d3a5764881c92085aaee66d25075c159aa-refs/branch-heads/5304@{#942}) on port 9534
Only local connections are allowed.
Please see https://chromedriver.chromium.org/security-considerations for suggestions on keeping ChromeDriver safe.
ChromeDriver was started successfully.
]]></system-err>
  </testcase>
  <testcase name="testThree" classname="tests.ThreeTest" time="0">
    <system-out><![CDATA[16:16:40.137 [Forwarding close on session 05ec29194e2c90f2a59f06440bca99a1 to remote] DEBUG org.asynchttpclient.netty.request.NettyRequestSender - Using pooled Channel '[id: 0x0a9aeded, L:/127.0.0.1:57581 - R:localhost/127.0.0.1:9534]' for 'DELETE' to 'http://localhost:9534/session/05ec29194e2c90f2a59f06440bca99a1/window'
16:16:40.137 [Forwarding close on session 05ec29194e2c90f2a59f06440bca99a1 to remote] DEBUG org.asynchttpclient.netty.request.NettyRequestSender - Using open Channel [id: 0x0a9aeded, L:/127.0.0.1:57581 - R:localhost/127.0.0.1:9534] for DELETE '/session/05ec29194e2c90f2a59f06440bca99a1/window'
16:16:40.350 [AsyncHttpClient-1-7] DEBUG org.asynchttpclient.netty.handler.WebSocketHandler - Unexpected I/O exception on channel [id: 0x508985af, L:/127.0.0.1:57591 - R:localhost/127.0.0.1:57583]
java.io.IOException: An existing connection was forcibly closed by the remote host
	at java.base/sun.nio.ch.SocketDispatcher.read0(Native Method)
	at java.base/sun.nio.ch.SocketDispatcher.read(SocketDispatcher.java:43)
	at java.base/sun.nio.ch.IOUtil.readIntoNativeBuffer(IOUtil.java:276)
	at java.base/sun.nio.ch.IOUtil.read(IOUtil.java:233)
	at java.base/sun.nio.ch.IOUtil.read(IOUtil.java:223)
	at java.base/sun.nio.ch.SocketChannelImpl.read(SocketChannelImpl.java:358)
	at io.netty.buffer.PooledByteBuf.setBytes(PooledByteBuf.java:259)
	at io.netty.buffer.AbstractByteBuf.writeBytes(AbstractByteBuf.java:1132)
	at io.netty.channel.socket.nio.NioSocketChannel.doReadBytes(NioSocketChannel.java:357)
	at io.netty.channel.nio.AbstractNioByteChannel$NioByteUnsafe.read(AbstractNioByteChannel.java:151)
	at io.netty.channel.nio.NioEventLoop.processSelectedKey(NioEventLoop.java:788)
	at io.netty.channel.nio.NioEventLoop.processSelectedKeysOptimized(NioEventLoop.java:724)
	at io.netty.channel.nio.NioEventLoop.processSelectedKeys(NioEventLoop.java:650)
	at io.netty.channel.nio.NioEventLoop.run(NioEventLoop.java:562)
	at io.netty.util.concurrent.SingleThreadEventExecutor$4.run(SingleThreadEventExecutor.java:997)
	at io.netty.util.internal.ThreadExecutorMap$2.run(ThreadExecutorMap.java:74)
	at io.netty.util.concurrent.FastThreadLocalRunnable.run(FastThreadLocalRunnable.java:30)
	at java.base/java.lang.Thread.run(Thread.java:834)
16:16:40.350 [AsyncHttpClient-1-6] DEBUG org.asynchttpclient.netty.handler.HttpHandler - Unexpected I/O exception on channel [id: 0x2f181cd4, L:/127.0.0.1:57590 - R:localhost/127.0.0.1:57583]
java.io.IOException: An existing connection was forcibly closed by the remote host
	at java.base/sun.nio.ch.SocketDispatcher.read0(Native Method)
	at java.base/sun.nio.ch.SocketDispatcher.read(SocketDispatcher.java:43)
	at java.base/sun.nio.ch.IOUtil.readIntoNativeBuffer(IOUtil.java:276)
	at java.base/sun.nio.ch.IOUtil.read(IOUtil.java:233)
	at java.base/sun.nio.ch.IOUtil.read(IOUtil.java:223)
	at java.base/sun.nio.ch.SocketChannelImpl.read(SocketChannelImpl.java:358)
	at io.netty.buffer.PooledByteBuf.setBytes(PooledByteBuf.java:259)
	at io.netty.buffer.AbstractByteBuf.writeBytes(AbstractByteBuf.java:1132)
	at io.netty.channel.socket.nio.NioSocketChannel.doReadBytes(NioSocketChannel.java:357)
	at io.netty.channel.nio.AbstractNioByteChannel$NioByteUnsafe.read(AbstractNioByteChannel.java:151)
	at io.netty.channel.nio.NioEventLoop.processSelectedKey(NioEventLoop.java:788)
	at io.netty.channel.nio.NioEventLoop.processSelectedKeysOptimized(NioEventLoop.java:724)
	at io.netty.channel.nio.NioEventLoop.processSelectedKeys(NioEventLoop.java:650)
	at io.netty.channel.nio.NioEventLoop.run(NioEventLoop.java:562)
	at io.netty.util.concurrent.SingleThreadEventExecutor$4.run(SingleThreadEventExecutor.java:997)
	at io.netty.util.internal.ThreadExecutorMap$2.run(ThreadExecutorMap.java:74)
	at io.netty.util.concurrent.FastThreadLocalRunnable.run(FastThreadLocalRunnable.java:30)
	at java.base/java.lang.Thread.run(Thread.java:834)
16:16:40.350 [AsyncHttpClient-1-7] DEBUG org.asynchttpclient.netty.handler.WebSocketHandler - Trying to recover from dead Channel: [id: 0x508985af, L:/127.0.0.1:57591 - R:localhost/127.0.0.1:57583]
16:16:40.350 [AsyncHttpClient-1-6] DEBUG org.asynchttpclient.netty.channel.ChannelManager - Closing Channel [id: 0x2f181cd4, L:/127.0.0.1:57590 - R:localhost/127.0.0.1:57583] 
16:16:40.350 [AsyncHttpClient-1-6] DEBUG org.asynchttpclient.netty.handler.HttpHandler - Channel Closed: [id: 0x2f181cd4, L:/127.0.0.1:57590 ! R:localhost/127.0.0.1:57583] with attribute DISCARD
16:16:40.355 [AsyncHttpClient-1-7] DEBUG org.asynchttpclient.netty.handler.WebSocketHandler - Channel Closed: [id: 0x508985af, L:/127.0.0.1:57591 ! R:localhost/127.0.0.1:57583] with attribute NettyResponseFuture{currentRetry=0,
	isDone=1,
	isCancelled=0,
	asyncHandler=org.asynchttpclient.ws.WebSocketUpgradeHandler@4232c66c,
	nettyRequest=org.asynchttpclient.netty.request.NettyRequest@e2a4977,
	future=java.util.concurrent.CompletableFuture@73ba4191[Completed normally],
	uri=ws://localhost:57583/devtools/browser/1676d95e-e2cd-42fd-bd0c-ca2cbfc6ce9e,
	keepAlive=true,
	redirectCount=0,
	timeoutsHolder=null,
	inAuth=0,
	touch=1667942200350}
16:16:40.355 [AsyncHttpClient-1-7] DEBUG org.asynchttpclient.netty.channel.ChannelManager - Closing Channel [id: 0x508985af, L:/127.0.0.1:57591 ! R:localhost/127.0.0.1:57583] 
16:16:40.383 [AsyncHttpClient-1-5] DEBUG org.asynchttpclient.netty.handler.HttpHandler - 

Request DefaultFullHttpRequest(decodeResult: success, version: HTTP/1.1, content: EmptyByteBufBE)
DELETE /session/05ec29194e2c90f2a59f06440bca99a1/window HTTP/1.1
User-Agent: selenium/4.6.0 (java windows)
Content-Type: application/json; charset=utf-8
host: localhost:9534
accept: */*

Response DefaultHttpResponse(decodeResult: success, version: HTTP/1.1)
HTTP/1.1 200 OK
Content-Type: application/json; charset=utf-8
cache-control: no-cache
content-length: 12

16:16:40.383 [AsyncHttpClient-1-5] DEBUG org.asynchttpclient.netty.channel.ChannelManager - Adding key: http://localhost:9534 for channel [id: 0x0a9aeded, L:/127.0.0.1:57581 - R:localhost/127.0.0.1:9534]
Three Test
]]></system-out>
  </testcase>
</testsuite>