<?xml version="1.0" encoding="UTF-8"?>
<!-- Generated by org.testng.reporters.JUnitReportReporter -->
<testsuite hostname="LAPTOP-RJE4IOB2" failures="0" tests="1" name="runner.Runner" time="10.305" errors="0" timestamp="2022-11-11T10:13:31 EST" skipped="0">
  <testcase classname="runner.Runner" name="runScenario" time="10.305"/>
  <system-out/>
</testsuite> <!-- runner.Runner -->
