<?xml version="1.0" encoding="UTF-8"?>
<!-- Generated by org.testng.reporters.JUnitReportReporter -->
<testsuite hostname="LAPTOP-RJE4IOB2" failures="0" tests="2" name="tests.LoginTest" time="26.754" errors="0" timestamp="2022-11-11T09:19:16 EST" skipped="0">
  <testcase classname="tests.LoginTest" name="login" time="18.529"/>
  <system-out/>
  <testcase classname="tests.LoginTest" name="login" time="8.225"/>
  <system-out/>
</testsuite> <!-- tests.LoginTest -->
