<?xml version="1.0" encoding="UTF-8"?>
<!-- Generated by org.testng.reporters.JUnitReportReporter -->
<testsuite hostname="LAPTOP-RJE4IOB2" failures="0" tests="2" name="tests.LoginTest" time="18.537" errors="0" timestamp="2022-11-08T16:16:40 EST" skipped="0">
  <testcase classname="tests.LoginTest" name="login" time="11.447"/>
  <system-out/>
  <testcase classname="tests.LoginTest" name="login" time="7.090"/>
  <system-out/>
</testsuite> <!-- tests.LoginTest -->
