<?xml version="1.0" encoding="UTF-8"?>
<!-- Generated by org.testng.reporters.JUnitReportReporter -->
<testsuite hostname="LAPTOP-RJE4IOB2" failures="0" tests="1" name="tests.TwoTest" time="0.000" errors="0" timestamp="2022-11-08T16:16:40 EST" skipped="0">
  <testcase classname="tests.TwoTest" name="testtwo" time="0.000"/>
  <system-out/>
</testsuite> <!-- tests.TwoTest -->
